gz sim /home/liyitao/workspace/exp/random_1/_348/a.sdf --seed 12345 -v 0 -r -s --headless-rendering: ./dart/dynamics/BoxShape.cpp:43: dart::dynamics::BoxShape::BoxShape(const Vector3d&): Assertion `_size[0] > 0.0' failed.
Stack trace (most recent call last):
#31   Object "/lib/x86_64-linux-gnu/libruby-3.0.so.3.0", at 0x72c0eeca8e19, in ruby_run_node
#30   Object "/lib/x86_64-linux-gnu/libruby-3.0.so.3.0", at 0x72c0eeca5317, in 
#29   Object "/lib/x86_64-linux-gnu/libruby-3.0.so.3.0", at 0x72c0eee3a30c, in rb_vm_exec
#28   Object "/lib/x86_64-linux-gnu/libruby-3.0.so.3.0", at 0x72c0eee34c96, in 
#27   Object "/lib/x86_64-linux-gnu/libruby-3.0.so.3.0", at 0x72c0eee31fc5, in 
#26   Object "/lib/x86_64-linux-gnu/libruby-3.0.so.3.0", at 0x72c0eee2fc34, in 
#25   Object "/usr/lib/x86_64-linux-gnu/ruby/3.0.0/fiddle.so", at 0x72c0eef8c44b, in 
#24   Object "/lib/x86_64-linux-gnu/libruby-3.0.so.3.0", at 0x72c0eedfd088, in rb_nogvl
#23   Object "/usr/lib/x86_64-linux-gnu/ruby/3.0.0/fiddle.so", at 0x72c0eef8bd6b, in 
#22   Object "/lib/x86_64-linux-gnu/libffi.so.8", at 0x72c0eef7d492, in 
#21   Object "/lib/x86_64-linux-gnu/libffi.so.8", at 0x72c0eef80e2d, in 
#20   Object "/usr/lib/x86_64-linux-gnu/libgz-sim8-gz.so.8.6.0", at 0x72c0ee7d4605, in runServer
#19   Object "/lib/x86_64-linux-gnu/libgz-sim8.so.8", at 0x72c0e913d485, in 
#18   Object "/lib/x86_64-linux-gnu/libgz-sim8.so.8", at 0x72c0e914d8a2, in gz::sim::v8::SimulationRunner::Run(unsigned long)
#17   Object "/lib/x86_64-linux-gnu/libgz-sim8.so.8", at 0x72c0e914ce60, in gz::sim::v8::SimulationRunner::Step(gz::sim::v8::UpdateInfo const&)
#16   Object "/lib/x86_64-linux-gnu/libgz-sim8.so.8", at 0x72c0e914c0a2, in gz::sim::v8::SimulationRunner::UpdateSystems()
#15   Object "/usr/lib/x86_64-linux-gnu/gz-sim-8/plugins/libgz-sim-physics-system.so", at 0x72c0dfd1f585, in gz::sim::v8::systems::Physics::Update(gz::sim::v8::UpdateInfo const&, gz::sim::v8::EntityComponentManager&)
#14   Object "/usr/lib/x86_64-linux-gnu/gz-sim-8/plugins/libgz-sim-physics-system.so", at 0x72c0dfd1f4b2, in gz::sim::v8::systems::PhysicsPrivate::CreatePhysicsEntities(gz::sim::v8::EntityComponentManager const&, bool)
#13   Object "/usr/lib/x86_64-linux-gnu/gz-sim-8/plugins/libgz-sim-physics-system.so", at 0x72c0dfd19544, in gz::sim::v8::systems::PhysicsPrivate::CreateModelEntities(gz::sim::v8::EntityComponentManager const&, bool)
#12   Object "/usr/lib/x86_64-linux-gnu/gz-sim-8/plugins/libgz-sim-physics-system.so", at 0x72c0dfd98f06, in 
#11   Object "/usr/lib/x86_64-linux-gnu/gz-physics-7/engine-plugins/libgz-physics-dartsim-plugin.so", at 0x72c0a8bf1fb3, in virtual thunk to gz::physics::dartsim::SDFFeatures::ConstructSdfModel(gz::physics::Identity const&, sdf::v14::Model const&)
#10   Object "/usr/lib/x86_64-linux-gnu/gz-physics-7/engine-plugins/libgz-physics-dartsim-plugin.so", at 0x72c0a8bf13fa, in gz::physics::dartsim::SDFFeatures::ConstructSdfModelImpl(unsigned long, sdf::v14::Model const&)
#9    Object "/usr/lib/x86_64-linux-gnu/gz-physics-7/engine-plugins/libgz-physics-dartsim-plugin.so", at 0x72c0a8bed384, in gz::physics::dartsim::SDFFeatures::FindOrConstructLink(std::shared_ptr<dart::dynamics::Skeleton> const&, gz::physics::Identity const&, sdf::v14::Model const&, std::__cxx11::basic_string<char, std::char_traits<char>, std::allocator<char> > const&)
#8    Object "/usr/lib/x86_64-linux-gnu/gz-physics-7/engine-plugins/libgz-physics-dartsim-plugin.so", at 0x72c0a8becdc4, in gz::physics::dartsim::SDFFeatures::ConstructSdfLink(gz::physics::Identity const&, sdf::v14::Link const&)
#7    Object "/usr/lib/x86_64-linux-gnu/gz-physics-7/engine-plugins/libgz-physics-dartsim-plugin.so", at 0x72c0a8bf3a6e, in gz::physics::dartsim::SDFFeatures::ConstructSdfCollision(gz::physics::Identity const&, sdf::v14::Collision const&)
#6    Object "/usr/lib/x86_64-linux-gnu/gz-physics-7/engine-plugins/libgz-physics-dartsim-plugin.so", at 0x72c0a8bf2c34, in 
#5    Object "/lib/x86_64-linux-gnu/libdart.so.6.13", at 0x72c0a8607eff, in dart::dynamics::BoxShape::BoxShape(Eigen::Matrix<double, 3, 1, 0, 3, 1> const&)
#4    Object "/lib/x86_64-linux-gnu/libc.so.6", at 0x72c0ee839e95, in __assert_fail
#3    Object "/lib/x86_64-linux-gnu/libc.so.6", at 0x72c0ee82871a, in 
#2    Object "/lib/x86_64-linux-gnu/libc.so.6", at 0x72c0ee8287f2, in abort
#1    Object "/lib/x86_64-linux-gnu/libc.so.6", at 0x72c0ee842475, in raise
#0    Object "/lib/x86_64-linux-gnu/libc.so.6", at 0x72c0ee8969fc, in pthread_kill
Aborted (Signal sent by tkill() 2245365 1000)
