[libprotobuf FATAL /usr/include/google/protobuf/repeated_field.h:1694] CHECK failed: (index) < (current_size_): 
terminate called after throwing an instance of 'google::protobuf::FatalException'
  what():  CHECK failed: (index) < (current_size_): 
Stack trace (most recent call last) in thread 3113620:
#15   Object "[0xffffffffffffffff]", at 0xffffffffffffffff, in 
#14   Object "/lib/x86_64-linux-gnu/libc.so.6", at 0x709c9492684f, in 
#13   Object "/lib/x86_64-linux-gnu/libc.so.6", at 0x709c94894ac2, in 
#12   Object "/lib/x86_64-linux-gnu/libstdc++.so.6", at 0x709c902dc252, in 
#11   Object "/lib/x86_64-linux-gnu/libgz-sim8.so.8", at 0x709c8f14bd5d, in 
#10   Object "/usr/lib/x86_64-linux-gnu/gz-sim-8/plugins/libgz-sim-opticaltactileplugin-system.so", at 0x709c7ee347a1, in gz::sim::v8::systems::OpticalTactilePlugin::PostUpdate(gz::sim::v8::UpdateInfo const&, gz::sim::v8::EntityComponentManager const&)
#9    Object "/usr/lib/x86_64-linux-gnu/gz-sim-8/plugins/libgz-sim-opticaltactileplugin-system.so", at 0x709c7ee34341, in gz::sim::v8::systems::OpticalTactilePluginPrivate::ComputeNormalForces(gz::msgs::PointCloudPacked const&, bool)
#8    Object "/usr/lib/x86_64-linux-gnu/gz-sim-8/plugins/libgz-sim-opticaltactileplugin-system.so", at 0x709c7ee2f4d1, in gz::sim::v8::systems::OpticalTactilePluginPrivate::MapPointCloudData(unsigned long const&, unsigned long const&, char const*)
#7    Object "/lib/x86_64-linux-gnu/libprotobuf.so.23", at 0x709c8e48d01c, in 
#6    Object "/lib/x86_64-linux-gnu/libstdc++.so.6", at 0x709c902ae4d7, in __cxa_throw
#5    Object "/lib/x86_64-linux-gnu/libstdc++.so.6", at 0x709c902ae276, in std::terminate()
#4    Object "/lib/x86_64-linux-gnu/libstdc++.so.6", at 0x709c902ae20b, in 
#3    Object "/lib/x86_64-linux-gnu/libstdc++.so.6", at 0x709c902a2b9d, in 
#2    Object "/lib/x86_64-linux-gnu/libc.so.6", at 0x709c948287f2, in abort
#1    Object "/lib/x86_64-linux-gnu/libc.so.6", at 0x709c94842475, in raise
#0    Object "/lib/x86_64-linux-gnu/libc.so.6", at 0x709c948969fc, in pthread_kill
Aborted (Signal sent by tkill() 3113561 1000)
