terminate called after throwing an instance of 'std::filesystem::__cxx11::filesystem_error'
  what():  filesystem error: cannot make absolute path: Invalid argument []
Stack trace (most recent call last) in thread 15692:
#26   Object "[0xffffffffffffffff]", at 0xffffffffffffffff, in
#25   Object "/lib/x86_64-linux-gnu/libc.so.6", at 0x7f9e27bdb84f, in
#24   Object "/lib/x86_64-linux-gnu/libc.so.6", at 0x7f9e27b49ac2, in
#23   Object "/lib/x86_64-linux-gnu/libstdc++.so.6", at 0x7f9e23886252, in
#22   Object "/home/ren/play/robot/workspace/install/lib/libgz-transport13.so.13", at 0x7f9e1e4a2e3d, in std::thread::_State_impl<std::thread::_Invoker<std::tuple<void (gz::transport::v13::NodeShared::*)(), gz::transport::v13::NodeShared*> > >::_M_run()
#21   Object "/home/ren/play/robot/workspace/install/lib/libgz-transport13.so.13", at 0x7f9e1e4a2f4d, in std::thread::_Invoker<std::tuple<void (gz::transport::v13::NodeShared::*)(), gz::transport::v13::NodeShared*> >::operator()()
#20   Object "/home/ren/play/robot/workspace/install/lib/libgz-transport13.so.13", at 0x7f9e1e4a3232, in void std::thread::_Invoker<std::tuple<void (gz::transport::v13::NodeShared::*)(), gz::transport::v13::NodeShared*> >::_M_invoke<0ul, 1ul>(std::_Index_tuple<0ul, 1ul>)
#19   Object "/home/ren/play/robot/workspace/install/lib/libgz-transport13.so.13", at 0x7f9e1e4a37d2, in std::__invoke_result<void (gz::transport::v13::NodeShared::*)(), gz::transport::v13::NodeShared*>::type std::__invoke<void (gz::transport::v13::NodeShared::*)(), gz::transport::v13::NodeShared*>(void (gz::transport::v13::NodeShared::*&&)(), gz::transport::v13::NodeShared*&&)
#18   Object "/home/ren/play/robot/workspace/install/lib/libgz-transport13.so.13", at 0x7f9e1e4a3cc2, in void std::__invoke_impl<void, void (gz::transport::v13::NodeShared::*)(), gz::transport::v13::NodeShared*>(std::__invoke_memfun_deref, void (gz::transport::v13::NodeShared::*&&)(), gz::transport::v13::NodeShared*&&)
#17   Object "/home/ren/play/robot/workspace/install/lib/libgz-transport13.so.13", at 0x7f9e1e438e5c, in gz::transport::v13::NodeShared::RunReceptionTask()
#16   Object "/home/ren/play/robot/workspace/install/lib/libgz-transport13.so.13", at 0x7f9e1e43d709, in gz::transport::v13::NodeShared::RecvSrvRequest()
#15   Object "/home/ren/play/robot/workspace/install/lib/libgz-sim8.so.8", at 0x7f9e21560c8c, in gz::transport::v13::RepHandler<gz::msgs::StringMsg, gz::msgs::StringMsg>::RunCallback(std::__cxx11::basic_string<char, std::char_traits<char>, std::allocator<char> > const&, std::__cxx11::basic_string<char, std::char_traits<char>, std::allocator<char> >&)
#14   Object "/home/ren/play/robot/workspace/install/lib/libgz-sim8.so.8", at 0x7f9e21562806, in std::function<bool (gz::msgs::StringMsg const&, gz::msgs::StringMsg&)>::operator()(gz::msgs::StringMsg const&, gz::msgs::StringMsg&) const
#13   Object "/home/ren/play/robot/workspace/install/lib/libgz-sim8.so.8", at 0x7f9e215557a2, in std::_Function_handler<bool (gz::msgs::StringMsg const&, gz::msgs::StringMsg&), gz::transport::v13::Node::Advertise<gz::sim::v8::ServerPrivate, gz::msgs::StringMsg, gz::msgs::StringMsg>(std::__cxx11::basic_string<char, std::char_traits<char>, std::allocator<char> > const&, bool (gz::sim::v8::ServerPrivate::*)(gz::msgs::StringMsg const&, gz::msgs::StringMsg&), gz::sim::v8::ServerPrivate*, gz::transport::v13::AdvertiseServiceOptions const&)::{lambda(gz::msgs::StringMsg const&, gz::msgs::StringMsg&)#1}>::_M_invoke(std::_Any_data const&, gz::msgs::StringMsg const&, gz::msgs::StringMsg&)
#12   Object "/home/ren/play/robot/workspace/install/lib/libgz-sim8.so.8", at 0x7f9e21558631, in std::enable_if<is_invocable_r_v<bool, gz::transport::v13::Node::Advertise<gz::sim::v8::ServerPrivate, gz::msgs::StringMsg, gz::msgs::StringMsg>(std::__cxx11::basic_string<char, std::char_traits<char>, std::allocator<char> > const&, bool (gz::sim::v8::ServerPrivate::*)(gz::msgs::StringMsg const&, gz::msgs::StringMsg&), gz::sim::v8::ServerPrivate*, gz::transport::v13::AdvertiseServiceOptions const&)::{lambda(gz::msgs::StringMsg const&, gz::msgs::StringMsg&)#1}&, gz::msgs::StringMsg const&, gz::msgs::StringMsg&>, bool>::type std::__invoke_r<bool, gz::transport::v13::Node::Advertise<gz::sim::v8::ServerPrivate, gz::msgs::StringMsg, gz::msgs::StringMsg>(std::__cxx11::basic_string<char, std::char_traits<char>, std::allocator<char> > const&, bool (gz::sim::v8::ServerPrivate::*)(gz::msgs::StringMsg const&, gz::msgs::StringMsg&), gz::sim::v8::ServerPrivate*, gz::transport::v13::AdvertiseServiceOptions const&)::{lambda(gz::msgs::StringMsg const&, gz::msgs::StringMsg&)#1}&, gz::msgs::StringMsg const&, gz::msgs::StringMsg&>(gz::transport::v13::Node::Advertise<gz::sim::v8::ServerPrivate, gz::msgs::StringMsg, gz::msgs::StringMsg>(std::__cxx11::basic_string<char, std::char_traits<char>, std::allocator<char> > const&, bool (gz::sim::v8::ServerPrivate::*)(gz::msgs::StringMsg const&, gz::msgs::StringMsg&), gz::sim::v8::ServerPrivate*, gz::transport::v13::AdvertiseServiceOptions const&)::{lambda(gz::msgs::StringMsg const&, gz::msgs::StringMsg&)#1}&, gz::msgs::StringMsg const&, gz::msgs::StringMsg&)
#11   Object "/home/ren/play/robot/workspace/install/lib/libgz-sim8.so.8", at 0x7f9e2155af15, in bool std::__invoke_impl<bool, gz::transport::v13::Node::Advertise<gz::sim::v8::ServerPrivate, gz::msgs::StringMsg, gz::msgs::StringMsg>(std::__cxx11::basic_string<char, std::char_traits<char>, std::allocator<char> > const&, bool (gz::sim::v8::ServerPrivate::*)(gz::msgs::StringMsg const&, gz::msgs::StringMsg&), gz::sim::v8::ServerPrivate*, gz::transport::v13::AdvertiseServiceOptions const&)::{lambda(gz::msgs::StringMsg const&, gz::msgs::StringMsg&)#1}&, gz::msgs::StringMsg const&, gz::msgs::StringMsg&>(std::__invoke_other, gz::transport::v13::Node::Advertise<gz::sim::v8::ServerPrivate, gz::msgs::StringMsg, gz::msgs::StringMsg>(std::__cxx11::basic_string<char, std::char_traits<char>, std::allocator<char> > const&, bool (gz::sim::v8::ServerPrivate::*)(gz::msgs::StringMsg const&, gz::msgs::StringMsg&), gz::sim::v8::ServerPrivate*, gz::transport::v13::AdvertiseServiceOptions const&)::{lambda(gz::msgs::StringMsg const&, gz::msgs::StringMsg&)#1}&, gz::msgs::StringMsg const&, gz::msgs::StringMsg&)
#10   Object "/home/ren/play/robot/workspace/install/lib/libgz-sim8.so.8", at 0x7f9e2154b5d5, in gz::transport::v13::Node::Advertise<gz::sim::v8::ServerPrivate, gz::msgs::StringMsg, gz::msgs::StringMsg>(std::__cxx11::basic_string<char, std::char_traits<char>, std::allocator<char> > const&, bool (gz::sim::v8::ServerPrivate::*)(gz::msgs::StringMsg const&, gz::msgs::StringMsg&), gz::sim::v8::ServerPrivate*, gz::transport::v13::AdvertiseServiceOptions const&)::{lambda(gz::msgs::StringMsg const&, gz::msgs::StringMsg&)#1}::operator()(gz::msgs::StringMsg const&, gz::msgs::StringMsg&) const
#9    Object "/home/ren/play/robot/workspace/install/lib/libgz-sim8.so.8", at 0x7f9e2154532a, in
#8    Object "/home/ren/play/robot/workspace/install/lib/libgz-common5.so.5", at 0x7f9e1e88782d, in gz::common::absPath(std::__cxx11::basic_string<char, std::char_traits<char>, std::allocator<char> > const&)
#7    Object "/lib/x86_64-linux-gnu/libstdc++.so.6", at 0x7f9e2385142d, in
#6    Object "/lib/x86_64-linux-gnu/libstdc++.so.6", at 0x7f9e238584d7, in __cxa_throw
#5    Object "/lib/x86_64-linux-gnu/libstdc++.so.6", at 0x7f9e23858276, in std::terminate()
#4    Object "/lib/x86_64-linux-gnu/libstdc++.so.6", at 0x7f9e2385820b, in
#3    Object "/lib/x86_64-linux-gnu/libstdc++.so.6", at 0x7f9e2384cb9d, in
#2    Object "/lib/x86_64-linux-gnu/libc.so.6", at 0x7f9e27add7f2, in abort
#1    Object "/lib/x86_64-linux-gnu/libc.so.6", at 0x7f9e27af7475, in raise
#0    Object "/lib/x86_64-linux-gnu/libc.so.6", at 0x7f9e27b4b9fc, in pthread_kill
Aborted (Signal sent by tkill() 15686 1000)
