terminate called after throwing an instance of 'std::filesystem::__cxx11::filesystem_error'
  what():  filesystem error: cannot make absolute path: Invalid argument []
Stack trace (most recent call last) in thread 3390638:
#16   Object "[0xffffffffffffffff]", at 0xffffffffffffffff, in 
#15   Object "/lib/x86_64-linux-gnu/libc.so.6", at 0x711d6a52684f, in 
#14   Object "/lib/x86_64-linux-gnu/libc.so.6", at 0x711d6a494ac2, in 
#13   Object "/lib/x86_64-linux-gnu/libstdc++.so.6", at 0x711d65edc252, in 
#12   Object "/lib/x86_64-linux-gnu/libgz-transport13.so.13", at 0x711d6992f75f, in gz::transport::v13::NodeShared::RunReceptionTask()
#11   Object "/lib/x86_64-linux-gnu/libgz-transport13.so.13", at 0x711d69929387, in gz::transport::v13::NodeShared::RecvSrvRequest()
#10   Object "/lib/x86_64-linux-gnu/libgz-sim8.so.8", at 0x711d64d3f9fe, in 
#9    Object "/lib/x86_64-linux-gnu/libgz-sim8.so.8", at 0x711d64d3e632, in 
#8    Object "/lib/x86_64-linux-gnu/libgz-common5.so.5", at 0x711d6a2beca9, in gz::common::absPath(std::__cxx11::basic_string<char, std::char_traits<char>, std::allocator<char> > const&)
#7    Object "/lib/x86_64-linux-gnu/libstdc++.so.6", at 0x711d65ea742d, in 
#6    Object "/lib/x86_64-linux-gnu/libstdc++.so.6", at 0x711d65eae4d7, in __cxa_throw
#5    Object "/lib/x86_64-linux-gnu/libstdc++.so.6", at 0x711d65eae276, in std::terminate()
#4    Object "/lib/x86_64-linux-gnu/libstdc++.so.6", at 0x711d65eae20b, in 
#3    Object "/lib/x86_64-linux-gnu/libstdc++.so.6", at 0x711d65ea2b9d, in 
#2    Object "/lib/x86_64-linux-gnu/libc.so.6", at 0x711d6a4287f2, in abort
#1    Object "/lib/x86_64-linux-gnu/libc.so.6", at 0x711d6a442475, in raise
#0    Object "/lib/x86_64-linux-gnu/libc.so.6", at 0x711d6a4969fc, in pthread_kill
Aborted (Signal sent by tkill() 3390611 1000)
