Stack trace (most recent call last):
#22   Object "[0xffffffffffffffff]", at 0xffffffffffffffff, in 
#21   Object "gz sim e13_40/a.sdf --seed 1718592691 -v 0 -r -s --headless-rendering", at 0x5b114070a1c4, in _start
#20   Object "/lib/x86_64-linux-gnu/libc.so.6", at 0x7403a4c29e3f, in __libc_start_main
#19   Object "/lib/x86_64-linux-gnu/libc.so.6", at 0x7403a4c29d8f, in 
#18   Object "gz sim e13_40/a.sdf --seed 1718592691 -v 0 -r -s --headless-rendering", at 0x5b114070a17e, in 
#17   Object "/lib/x86_64-linux-gnu/libruby-3.0.so.3.0", at 0x7403a50a8e19, in ruby_run_node
#16   Object "/lib/x86_64-linux-gnu/libruby-3.0.so.3.0", at 0x7403a50a5317, in 
#15   Object "/lib/x86_64-linux-gnu/libruby-3.0.so.3.0", at 0x7403a523a30c, in rb_vm_exec
#14   Object "/lib/x86_64-linux-gnu/libruby-3.0.so.3.0", at 0x7403a5234c96, in 
#13   Object "/lib/x86_64-linux-gnu/libruby-3.0.so.3.0", at 0x7403a5231fc5, in 
#12   Object "/lib/x86_64-linux-gnu/libruby-3.0.so.3.0", at 0x7403a522fc34, in 
#11   Object "/usr/lib/x86_64-linux-gnu/ruby/3.0.0/fiddle.so", at 0x7403a4e6f44b, in 
#10   Object "/lib/x86_64-linux-gnu/libruby-3.0.so.3.0", at 0x7403a51fd088, in rb_nogvl
#9    Object "/usr/lib/x86_64-linux-gnu/ruby/3.0.0/fiddle.so", at 0x7403a4e6ed6b, in 
#8    Object "/lib/x86_64-linux-gnu/libffi.so.8", at 0x7403a4e46492, in 
#7    Object "/lib/x86_64-linux-gnu/libffi.so.8", at 0x7403a4e49e2d, in 
#6    Object "/home/ren/play/robot/workspace/install/lib/libgz-sim8-gz.so.8.1.0", at 0x74039ffadd7d, in runServer
#5    Object "/home/ren/play/robot/workspace/install/lib/libgz-sim8.so.8", at 0x74039e4d29f2, in gz::sim::v8::Server::Run(bool, unsigned long, bool)
#4    Object "/home/ren/play/robot/workspace/install/lib/libgz-sim8.so.8", at 0x74039e4fe38d, in 
#3    Object "/home/ren/play/robot/workspace/install/lib/libgz-sim8.so.8", at 0x74039e52efe4, in gz::sim::v8::SimulationRunner::Run(unsigned long)
#2    Object "/home/ren/play/robot/workspace/install/lib/libgz-sim8.so.8", at 0x74039e52fe02, in gz::sim::v8::SimulationRunner::Step(gz::sim::v8::UpdateInfo const&)
#1    Object "/home/ren/play/robot/workspace/install/lib/libgz-sim8.so.8", at 0x74039e52c2ed, in gz::sim::v8::SimulationRunner::UpdateSystems()
#0    Object "/home/ren/play/robot/workspace/install/lib/gz-sim-8/plugins/libgz-sim-linearbatteryplugin-system.so", at 0x740350dacd5f, in gz::sim::v8::systems::LinearBatteryPlugin::Update(gz::sim::v8::UpdateInfo const&, gz::sim::v8::EntityComponentManager&)
Segmentation fault (Address not mapped to object [0x8])
