terminate called after throwing an instance of 'std::filesystem::__cxx11::filesystem_error'
  what():  filesystem error: cannot make absolute path: Invalid argument []
Stack trace (most recent call last) in thread 1895547:
#16   Object "[0xffffffffffffffff]", at 0xffffffffffffffff, in 
#15   Object "/lib/x86_64-linux-gnu/libc.so.6", at 0x7d665a92684f, in 
#14   Object "/lib/x86_64-linux-gnu/libc.so.6", at 0x7d665a894ac2, in 
#13   Object "/lib/x86_64-linux-gnu/libstdc++.so.6", at 0x7d66562dc252, in 
#12   Object "/lib/x86_64-linux-gnu/libgz-transport13.so.13", at 0x7d6657bba75f, in gz::transport::v13::NodeShared::RunReceptionTask()
#11   Object "/lib/x86_64-linux-gnu/libgz-transport13.so.13", at 0x7d6657bb4387, in gz::transport::v13::NodeShared::RecvSrvRequest()
#10   Object "/lib/x86_64-linux-gnu/libgz-sim8.so.8", at 0x7d665513f9fe, in 
#9    Object "/lib/x86_64-linux-gnu/libgz-sim8.so.8", at 0x7d665513e632, in 
#8    Object "/lib/x86_64-linux-gnu/libgz-common5.so.5", at 0x7d6659c8fca9, in gz::common::absPath(std::__cxx11::basic_string<char, std::char_traits<char>, std::allocator<char> > const&)
#7    Object "/lib/x86_64-linux-gnu/libstdc++.so.6", at 0x7d66562a742d, in 
#6    Object "/lib/x86_64-linux-gnu/libstdc++.so.6", at 0x7d66562ae4d7, in __cxa_throw
#5    Object "/lib/x86_64-linux-gnu/libstdc++.so.6", at 0x7d66562ae276, in std::terminate()
#4    Object "/lib/x86_64-linux-gnu/libstdc++.so.6", at 0x7d66562ae20b, in 
#3    Object "/lib/x86_64-linux-gnu/libstdc++.so.6", at 0x7d66562a2b9d, in 
#2    Object "/lib/x86_64-linux-gnu/libc.so.6", at 0x7d665a8287f2, in abort
#1    Object "/lib/x86_64-linux-gnu/libc.so.6", at 0x7d665a842475, in raise
#0    Object "/lib/x86_64-linux-gnu/libc.so.6", at 0x7d665a8969fc, in pthread_kill
Aborted (Signal sent by tkill() 1895520 1000)
