Stack trace (most recent call last):
#21   Object "[0xffffffffffffffff]", at 0xffffffffffffffff, in 
#20   Object "gz sim /home/liyitao/workspace/exp/random_2/_517/a.sdf --seed 12345 -v 0 -r -s --headless-rendering", at 0x60bf408101c4, in _start
#19   Object "/lib/x86_64-linux-gnu/libc.so.6", at 0x7cc0fe229e3f, in __libc_start_main
#18   Object "/lib/x86_64-linux-gnu/libc.so.6", at 0x7cc0fe229d8f, in 
#17   Object "gz sim /home/liyitao/workspace/exp/random_2/_517/a.sdf --seed 12345 -v 0 -r -s --headless-rendering", at 0x60bf4081017e, in 
#16   Object "/lib/x86_64-linux-gnu/libruby-3.0.so.3.0", at 0x7cc0fe6a8e19, in ruby_run_node
#15   Object "/lib/x86_64-linux-gnu/libruby-3.0.so.3.0", at 0x7cc0fe6a5317, in 
#14   Object "/lib/x86_64-linux-gnu/libruby-3.0.so.3.0", at 0x7cc0fe83a30c, in rb_vm_exec
#13   Object "/lib/x86_64-linux-gnu/libruby-3.0.so.3.0", at 0x7cc0fe834c96, in 
#12   Object "/lib/x86_64-linux-gnu/libruby-3.0.so.3.0", at 0x7cc0fe831fc5, in 
#11   Object "/lib/x86_64-linux-gnu/libruby-3.0.so.3.0", at 0x7cc0fe82fc34, in 
#10   Object "/usr/lib/x86_64-linux-gnu/ruby/3.0.0/fiddle.so", at 0x7cc0fe44a44b, in 
#9    Object "/lib/x86_64-linux-gnu/libruby-3.0.so.3.0", at 0x7cc0fe7fd088, in rb_nogvl
#8    Object "/usr/lib/x86_64-linux-gnu/ruby/3.0.0/fiddle.so", at 0x7cc0fe449d6b, in 
#7    Object "/lib/x86_64-linux-gnu/libffi.so.8", at 0x7cc0fe43b492, in 
#6    Object "/lib/x86_64-linux-gnu/libffi.so.8", at 0x7cc0fe43ee2d, in 
#5    Object "/usr/lib/x86_64-linux-gnu/libgz-sim8-gz.so.8.6.0", at 0x7cc0fd797605, in runServer
#4    Object "/lib/x86_64-linux-gnu/libgz-sim8.so.8", at 0x7cc0f8b3d485, in 
#3    Object "/lib/x86_64-linux-gnu/libgz-sim8.so.8", at 0x7cc0f8b4d8a2, in gz::sim::v8::SimulationRunner::Run(unsigned long)
#2    Object "/lib/x86_64-linux-gnu/libgz-sim8.so.8", at 0x7cc0f8b4ce60, in gz::sim::v8::SimulationRunner::Step(gz::sim::v8::UpdateInfo const&)
#1    Object "/lib/x86_64-linux-gnu/libgz-sim8.so.8", at 0x7cc0f8b4c031, in gz::sim::v8::SimulationRunner::UpdateSystems()
#0    Object "/usr/lib/x86_64-linux-gnu/gz-sim-8/plugins/libgz-sim-follow-actor-system.so", at 0x7cc0e91079b3, in gz::sim::v8::systems::FollowActor::PreUpdate(gz::sim::v8::UpdateInfo const&, gz::sim::v8::EntityComponentManager&)
Segmentation fault (Address not mapped to object [0x10])
