gz sim /home/liyitao/workspace/exp/random_2/_1106/a.sdf --seed 12345 -v 0 -r -s --headless-rendering: ./dart/constraint/JointConstraint.cpp:207: virtual void dart::constraint::JointConstraint::update(): Assertion `positionLowerLimits[i] <= positionUpperLimits[i]' failed.
Stack trace (most recent call last):
#31   Object "gz sim /home/liyitao/workspace/exp/random_2/_1106/a.sdf --seed 12345 -v 0 -r -s --headless-rendering", at 0x5ef05cfa01c4, in _start
#30   Object "/lib/x86_64-linux-gnu/libc.so.6", at 0x7b2223629e3f, in __libc_start_main
#29   Object "/lib/x86_64-linux-gnu/libc.so.6", at 0x7b2223629d8f, in 
#28   Object "gz sim /home/liyitao/workspace/exp/random_2/_1106/a.sdf --seed 12345 -v 0 -r -s --headless-rendering", at 0x5ef05cfa017e, in 
#27   Object "/lib/x86_64-linux-gnu/libruby-3.0.so.3.0", at 0x7b2223aa8e19, in ruby_run_node
#26   Object "/lib/x86_64-linux-gnu/libruby-3.0.so.3.0", at 0x7b2223aa5317, in 
#25   Object "/lib/x86_64-linux-gnu/libruby-3.0.so.3.0", at 0x7b2223c3a30c, in rb_vm_exec
#24   Object "/lib/x86_64-linux-gnu/libruby-3.0.so.3.0", at 0x7b2223c34c96, in 
#23   Object "/lib/x86_64-linux-gnu/libruby-3.0.so.3.0", at 0x7b2223c31fc5, in 
#22   Object "/lib/x86_64-linux-gnu/libruby-3.0.so.3.0", at 0x7b2223c2fc34, in 
#21   Object "/usr/lib/x86_64-linux-gnu/ruby/3.0.0/fiddle.so", at 0x7b222349544b, in 
#20   Object "/lib/x86_64-linux-gnu/libruby-3.0.so.3.0", at 0x7b2223bfd088, in rb_nogvl
#19   Object "/usr/lib/x86_64-linux-gnu/ruby/3.0.0/fiddle.so", at 0x7b2223494d6b, in 
#18   Object "/lib/x86_64-linux-gnu/libffi.so.8", at 0x7b222382e492, in 
#17   Object "/lib/x86_64-linux-gnu/libffi.so.8", at 0x7b2223831e2d, in 
#16   Object "/usr/lib/x86_64-linux-gnu/libgz-sim8-gz.so.8.6.0", at 0x7b2222b76605, in runServer
#15   Object "/lib/x86_64-linux-gnu/libgz-sim8.so.8", at 0x7b221df3d485, in 
#14   Object "/lib/x86_64-linux-gnu/libgz-sim8.so.8", at 0x7b221df4d8a2, in gz::sim::v8::SimulationRunner::Run(unsigned long)
#13   Object "/lib/x86_64-linux-gnu/libgz-sim8.so.8", at 0x7b221df4ce60, in gz::sim::v8::SimulationRunner::Step(gz::sim::v8::UpdateInfo const&)
#12   Object "/lib/x86_64-linux-gnu/libgz-sim8.so.8", at 0x7b221df4c0a2, in gz::sim::v8::SimulationRunner::UpdateSystems()
#11   Object "/usr/lib/x86_64-linux-gnu/gz-sim-8/plugins/libgz-sim-physics-system.so", at 0x7b221531f5b6, in gz::sim::v8::systems::Physics::Update(gz::sim::v8::UpdateInfo const&, gz::sim::v8::EntityComponentManager&)
#10   Object "/usr/lib/x86_64-linux-gnu/gz-sim-8/plugins/libgz-sim-physics-system.so", at 0x7b221531fc31, in gz::sim::v8::systems::PhysicsPrivate::Step(std::chrono::duration<long, std::ratio<1l, 1000000000l> > const&)
#9    Object "/usr/lib/x86_64-linux-gnu/gz-physics-7/engine-plugins/libgz-physics-dartsim-plugin.so", at 0x7b21dda0900b, in gz::physics::dartsim::SimulationFeatures::WorldForwardStep(gz::physics::Identity const&, gz::physics::SpecifyData<gz::physics::RequireData<gz::physics::WorldPoses>, gz::physics::ExpectData<gz::physics::ChangedWorldPoses, gz::physics::Contacts, gz::physics::JointPositions> >&, gz::physics::CompositeData&, gz::physics::ExpectData<gz::physics::ApplyExternalForceTorques, gz::physics::ApplyGeneralizedForces, gz::physics::VelocityControlCommands, gz::physics::ServoControlCommands, std::chrono::duration<long, std::ratio<1l, 1000000000l> > > const&)
#8    Object "/lib/x86_64-linux-gnu/libdart.so.6.13", at 0x7b21dd5936d3, in dart::simulation::World::step(bool)
#7    Object "/lib/x86_64-linux-gnu/libdart.so.6.13", at 0x7b21dd578ca5, in dart::constraint::ConstraintSolver::solve()
#6    Object "/lib/x86_64-linux-gnu/libdart.so.6.13", at 0x7b21dd577d33, in dart::constraint::ConstraintSolver::updateConstraints()
#5    Object "/lib/x86_64-linux-gnu/libdart.so.6.13", at 0x7b21dd586256, in dart::constraint::JointConstraint::update()
#4    Object "/lib/x86_64-linux-gnu/libc.so.6", at 0x7b2223639e95, in __assert_fail
#3    Object "/lib/x86_64-linux-gnu/libc.so.6", at 0x7b222362871a, in 
#2    Object "/lib/x86_64-linux-gnu/libc.so.6", at 0x7b22236287f2, in abort
#1    Object "/lib/x86_64-linux-gnu/libc.so.6", at 0x7b2223642475, in raise
#0    Object "/lib/x86_64-linux-gnu/libc.so.6", at 0x7b22236969fc, in pthread_kill
Aborted (Signal sent by tkill() 3234718 1000)
