gz sim /home/liyitao/workspace/exp/random_2/_268/a.sdf --seed 12345 -v 0 -r -s --headless-rendering: ./dart/dynamics/detail/GenericJoint.hpp:1495: void dart::dynamics::GenericJoint<ConfigSpaceT>::setDampingCoefficient(size_t, double) [with ConfigSpaceT = dart::math::RealVectorSpace<1>; size_t = long unsigned int]: Assertion `d >= 0.0' failed.
Stack trace (most recent call last):
#31   Object "/lib/x86_64-linux-gnu/libruby-3.0.so.3.0", at 0x74575f234c96, in 
#30   Object "/lib/x86_64-linux-gnu/libruby-3.0.so.3.0", at 0x74575f231fc5, in 
#29   Object "/lib/x86_64-linux-gnu/libruby-3.0.so.3.0", at 0x74575f22fc34, in 
#28   Object "/usr/lib/x86_64-linux-gnu/ruby/3.0.0/fiddle.so", at 0x74575ee5744b, in 
#27   Object "/lib/x86_64-linux-gnu/libruby-3.0.so.3.0", at 0x74575f1fd088, in rb_nogvl
#26   Object "/usr/lib/x86_64-linux-gnu/ruby/3.0.0/fiddle.so", at 0x74575ee56d6b, in 
#25   Object "/lib/x86_64-linux-gnu/libffi.so.8", at 0x74575ebf7492, in 
#24   Object "/lib/x86_64-linux-gnu/libffi.so.8", at 0x74575ebfae2d, in 
#23   Object "/usr/lib/x86_64-linux-gnu/libgz-sim8-gz.so.8.6.0", at 0x74575eb9b605, in runServer
#22   Object "/lib/x86_64-linux-gnu/libgz-sim8.so.8", at 0x74575953d485, in 
#21   Object "/lib/x86_64-linux-gnu/libgz-sim8.so.8", at 0x74575954d8a2, in gz::sim::v8::SimulationRunner::Run(unsigned long)
#20   Object "/lib/x86_64-linux-gnu/libgz-sim8.so.8", at 0x74575954ce60, in gz::sim::v8::SimulationRunner::Step(gz::sim::v8::UpdateInfo const&)
#19   Object "/lib/x86_64-linux-gnu/libgz-sim8.so.8", at 0x74575954c0a2, in gz::sim::v8::SimulationRunner::UpdateSystems()
#18   Object "/usr/lib/x86_64-linux-gnu/gz-sim-8/plugins/libgz-sim-physics-system.so", at 0x74575011f585, in gz::sim::v8::systems::Physics::Update(gz::sim::v8::UpdateInfo const&, gz::sim::v8::EntityComponentManager&)
#17   Object "/usr/lib/x86_64-linux-gnu/gz-sim-8/plugins/libgz-sim-physics-system.so", at 0x74575011f4b2, in gz::sim::v8::systems::PhysicsPrivate::CreatePhysicsEntities(gz::sim::v8::EntityComponentManager const&, bool)
#16   Object "/usr/lib/x86_64-linux-gnu/gz-sim-8/plugins/libgz-sim-physics-system.so", at 0x745750119544, in gz::sim::v8::systems::PhysicsPrivate::CreateModelEntities(gz::sim::v8::EntityComponentManager const&, bool)
#15   Object "/usr/lib/x86_64-linux-gnu/gz-sim-8/plugins/libgz-sim-physics-system.so", at 0x745750199a1d, in 
#14   Object "/usr/lib/x86_64-linux-gnu/gz-physics-7/engine-plugins/libgz-physics-dartsim-plugin.so", at 0x7457193f1f43, in virtual thunk to gz::physics::dartsim::SDFFeatures::ConstructSdfNestedModel(gz::physics::Identity const&, sdf::v14::Model const&)
#13   Object "/usr/lib/x86_64-linux-gnu/gz-physics-7/engine-plugins/libgz-physics-dartsim-plugin.so", at 0x7457193f13aa, in gz::physics::dartsim::SDFFeatures::ConstructSdfModelImpl(unsigned long, sdf::v14::Model const&)
#12   Object "/usr/lib/x86_64-linux-gnu/gz-physics-7/engine-plugins/libgz-physics-dartsim-plugin.so", at 0x7457193f1503, in gz::physics::dartsim::SDFFeatures::ConstructSdfModelImpl(unsigned long, sdf::v14::Model const&)
#11   Object "/usr/lib/x86_64-linux-gnu/gz-physics-7/engine-plugins/libgz-physics-dartsim-plugin.so", at 0x7457193f0879, in gz::physics::dartsim::SDFFeatures::ConstructSdfJoint(gz::physics::Identity const&, sdf::v14::Joint const&, dart::dynamics::BodyNode*, dart::dynamics::BodyNode*)
#10   Object "/usr/lib/x86_64-linux-gnu/gz-physics-7/engine-plugins/libgz-physics-dartsim-plugin.so", at 0x7457193e1d38, in dart::dynamics::RevoluteJoint* dart::dynamics::BodyNode::moveTo<dart::dynamics::RevoluteJoint>(dart::dynamics::BodyNode*, dart::dynamics::RevoluteJoint::Properties const&)
#9    Object "/usr/lib/x86_64-linux-gnu/gz-physics-7/engine-plugins/libgz-physics-dartsim-plugin.so", at 0x7457193e1b88, in dart::dynamics::RevoluteJoint* dart::dynamics::Skeleton::moveBodyNodeTree<dart::dynamics::RevoluteJoint>(dart::dynamics::BodyNode*, std::shared_ptr<dart::dynamics::Skeleton> const&, dart::dynamics::BodyNode*, dart::dynamics::RevoluteJoint::Properties const&)
#8    Object "/lib/x86_64-linux-gnu/libdart.so.6.13", at 0x745718ece97d, in dart::dynamics::RevoluteJoint::RevoluteJoint(dart::dynamics::detail::RevoluteJointProperties const&)
#7    Object "/lib/x86_64-linux-gnu/libdart.so.6.13", at 0x745718ebffe2, in 
#6    Object "/lib/x86_64-linux-gnu/libdart.so.6.13", at 0x745718eaf089, in 
#5    Object "/lib/x86_64-linux-gnu/libdart.so.6.13", at 0x745718eb41d3, in 
#4    Object "/lib/x86_64-linux-gnu/libc.so.6", at 0x74575ec39e95, in __assert_fail
#3    Object "/lib/x86_64-linux-gnu/libc.so.6", at 0x74575ec2871a, in 
#2    Object "/lib/x86_64-linux-gnu/libc.so.6", at 0x74575ec287f2, in abort
#1    Object "/lib/x86_64-linux-gnu/libc.so.6", at 0x74575ec42475, in raise
#0    Object "/lib/x86_64-linux-gnu/libc.so.6", at 0x74575ec969fc, in pthread_kill
Aborted (Signal sent by tkill() 2910604 1000)
