[1;32mMsg[0m [NameManager::issueNewName] (Skeleton::BodyNode | lift_drag_demo_model) The name [link] is a duplicate, so it has been renamed to [link(1)]
[1;32mMsg[0m [NameManager::issueNewName] (Skeleton::N4dart8dynamics9ShapeNodeE | lift_drag_demo_model) The name [link:collision] is a duplicate, so it has been renamed to [link:collision(1)]
A: 
0.2431 0.0007615 2.018e-06 0.2399 0.0007615 2.076e-06 0.01012 0.0007614 2.018e-06 0.00689 0.0007614 2.076e-06 -0.1542 -0.1542 -0.1542 -0.1542 
0.0007615 35.11 0.000262 0.0007406 0.1094 0.000262 -0.0007408 0.1094 0.000262 -0.0007616 0.1094 0.000262 -0.0009939 -0.0009939 -0.0009939 -0.0009939 
5.569e-09 0.0002621 0.8208 6.391e-09 0.0002621 0.125 6.491e-08 0.0002617 0.125 6.573e-08 0.0002617 0.125 3.924e-08 3.924e-08 3.924e-08 2.359 
0 0 0 0 0 0 0 0 0 0 0 0 0 0 0 0 
0 0 0 0 0 0 0 0 0 0 0 0 0 0 0 0 
0 0 0 0 0 0 0 0 0 0 0 0 0 0 0 0 
0 0 0 0 0 0 0 0 0 0 0 0 0 0 0 0 
0 0 0 0 0 0 0 0 0 0 0 0 0 0 0 0 
0 0 0 0 0 0 0 0 0 0 0 0 0 0 0 0 
0 0 0 0 0 0 0 0 0 0 0 0 0 0 0 0 
0 0 0 0 0 0 0 0 0 0 0 0 0 0 0 0 
0 0 0 0 0 0 0 0 0 0 0 0 0 0 0 0 
0 0 0 0 0 0 0 0 0 0 0 0 0 0 0 0 
0 0 0 0 0 0 0 0 0 0 0 0 0 0 0 0 
0 0 0 0 0 0 0 0 0 0 0 0 0 0 0 0 
0 0 0 0 0 0 0 0 0 0 0 0 0 0 0 0 
A(0, 2): 2.018e-06
A(2, 0): 5.569e-09
