Stack trace (most recent call last):
#26   Object "[0xffffffffffffffff]", at 0xffffffffffffffff, in 
#25   Object "gz sim empty.sdf --seed 1722830644 -v 0 -r -s --headless-rendering", at 0x55f96188e1c4, in _start
#24   Object "/lib/x86_64-linux-gnu/libc.so.6", at 0x7f8b00da1e3f, in __libc_start_main
#23   Object "/lib/x86_64-linux-gnu/libc.so.6", at 0x7f8b00da1d8f, in 
#22   Object "gz sim empty.sdf --seed 1722830644 -v 0 -r -s --headless-rendering", at 0x55f96188e17e, in 
#21   Object "/lib/x86_64-linux-gnu/libruby-3.0.so.3.0", at 0x7f8b01049e19, in ruby_run_node
#20   Object "/lib/x86_64-linux-gnu/libruby-3.0.so.3.0", at 0x7f8b01046317, in 
#19   Object "/lib/x86_64-linux-gnu/libruby-3.0.so.3.0", at 0x7f8b011db33c, in rb_vm_exec
#18   Object "/lib/x86_64-linux-gnu/libruby-3.0.so.3.0", at 0x7f8b011d5cc6, in 
#17   Object "/lib/x86_64-linux-gnu/libruby-3.0.so.3.0", at 0x7f8b011d2ff5, in 
#16   Object "/lib/x86_64-linux-gnu/libruby-3.0.so.3.0", at 0x7f8b011d0c64, in 
#15   Object "/usr/lib/x86_64-linux-gnu/ruby/3.0.0/fiddle.so", at 0x7f8afcd7e44b, in 
#14   Object "/lib/x86_64-linux-gnu/libruby-3.0.so.3.0", at 0x7f8b0119e0b8, in rb_nogvl
#13   Object "/usr/lib/x86_64-linux-gnu/ruby/3.0.0/fiddle.so", at 0x7f8afcd7dd6b, in 
#12   Object "/lib/x86_64-linux-gnu/libffi.so.8", at 0x7f8afcd6f492, in 
#11   Object "/lib/x86_64-linux-gnu/libffi.so.8", at 0x7f8afcd72e2d, in 
#10   Object "/data/play/robot/workspace/install/lib/libgz-sim8-gz.so.8.6.0", at 0x7f8afc0c6d7d, in runServer
#9    Object "/home/ren/play/robot/workspace/install/lib/libgz-sim8.so.8", at 0x7f8afa78056a, in gz::sim::v8::Server::Run(bool, unsigned long, bool)
#8    Object "/home/ren/play/robot/workspace/install/lib/libgz-sim8.so.8", at 0x7f8afa7abfdf, in 
#7    Object "/home/ren/play/robot/workspace/install/lib/libgz-sim8.so.8", at 0x7f8afa7dcd84, in gz::sim::v8::SimulationRunner::Run(unsigned long)
#6    Object "/home/ren/play/robot/workspace/install/lib/libgz-sim8.so.8", at 0x7f8afa7ddba2, in gz::sim::v8::SimulationRunner::Step(gz::sim::v8::UpdateInfo const&)
#5    Object "/home/ren/play/robot/workspace/install/lib/libgz-sim8.so.8", at 0x7f8afa7d9f2a, in gz::sim::v8::SimulationRunner::UpdateSystems()
#4    Object "/data/play/robot/workspace/install/lib/gz-sim-8/plugins/libgz-sim-linearbatteryplugin-system.so", at 0x7f8abd6cb8ef, in gz::sim::v8::systems::LinearBatteryPlugin::PreUpdate(gz::sim::v8::UpdateInfo const&, gz::sim::v8::EntityComponentManager&)
#3    Object "/home/ren/play/robot/workspace/install/lib/libgz-common5.so.5", at 0x7f8af7a873e7, in gz::common::Battery::SetPowerLoad(unsigned int, double)
#2    Object "/home/ren/play/robot/workspace/install/lib/libgz-common5.so.5", at 0x7f8af7a893a9, in std::unique_ptr<gz::common::Battery::Implementation, void (*)(gz::common::Battery::Implementation*)>::operator->() const
#1    Object "/home/ren/play/robot/workspace/install/lib/libgz-common5.so.5", at 0x7f8af7a8aaa9, in std::unique_ptr<gz::common::Battery::Implementation, void (*)(gz::common::Battery::Implementation*)>::get() const
#0    Object "/home/ren/play/robot/workspace/install/lib/libgz-common5.so.5", at 0x7f8af7a8c52c, in std::__uniq_ptr_impl<gz::common::Battery::Implementation, void (*)(gz::common::Battery::Implementation*)>::_M_ptr() const
Segmentation fault (Address not mapped to object [0x10])
