Stack trace (most recent call last):
#21   Object "[0xffffffffffffffff]", at 0xffffffffffffffff, in 
#20   Object "gz sim /home/liyitao/workspace/exp/random_2/_1483/a.sdf --seed 12345 -v 0 -r -s --headless-rendering", at 0x5d28b1bc51c4, in _start
#19   Object "/lib/x86_64-linux-gnu/libc.so.6", at 0x78f5d5829e3f, in __libc_start_main
#18   Object "/lib/x86_64-linux-gnu/libc.so.6", at 0x78f5d5829d8f, in 
#17   Object "gz sim /home/liyitao/workspace/exp/random_2/_1483/a.sdf --seed 12345 -v 0 -r -s --headless-rendering", at 0x5d28b1bc517e, in 
#16   Object "/lib/x86_64-linux-gnu/libruby-3.0.so.3.0", at 0x78f5d5ca8e19, in ruby_run_node
#15   Object "/lib/x86_64-linux-gnu/libruby-3.0.so.3.0", at 0x78f5d5ca5317, in 
#14   Object "/lib/x86_64-linux-gnu/libruby-3.0.so.3.0", at 0x78f5d5e3a30c, in rb_vm_exec
#13   Object "/lib/x86_64-linux-gnu/libruby-3.0.so.3.0", at 0x78f5d5e34c96, in 
#12   Object "/lib/x86_64-linux-gnu/libruby-3.0.so.3.0", at 0x78f5d5e31fc5, in 
#11   Object "/lib/x86_64-linux-gnu/libruby-3.0.so.3.0", at 0x78f5d5e2fc34, in 
#10   Object "/usr/lib/x86_64-linux-gnu/ruby/3.0.0/fiddle.so", at 0x78f5d5aaf44b, in 
#9    Object "/lib/x86_64-linux-gnu/libruby-3.0.so.3.0", at 0x78f5d5dfd088, in rb_nogvl
#8    Object "/usr/lib/x86_64-linux-gnu/ruby/3.0.0/fiddle.so", at 0x78f5d5aaed6b, in 
#7    Object "/lib/x86_64-linux-gnu/libffi.so.8", at 0x78f5d5aa0492, in 
#6    Object "/lib/x86_64-linux-gnu/libffi.so.8", at 0x78f5d5aa3e2d, in 
#5    Object "/usr/lib/x86_64-linux-gnu/libgz-sim8-gz.so.8.6.0", at 0x78f5d56d3605, in runServer
#4    Object "/lib/x86_64-linux-gnu/libgz-sim8.so.8", at 0x78f5d013d485, in 
#3    Object "/lib/x86_64-linux-gnu/libgz-sim8.so.8", at 0x78f5d014d8a2, in gz::sim::v8::SimulationRunner::Run(unsigned long)
#2    Object "/lib/x86_64-linux-gnu/libgz-sim8.so.8", at 0x78f5d014cea3, in gz::sim::v8::SimulationRunner::Step(gz::sim::v8::UpdateInfo const&)
#1    Object "/lib/x86_64-linux-gnu/libgz-sim8.so.8", at 0x78f5d00ce9a8, in gz::sim::v8::EntityComponentManager::ClearNewlyCreatedEntities()
#0    Object "/lib/x86_64-linux-gnu/libgz-sim8.so.8", at 0x78f5d00ba2a8, in gz::sim::v8::detail::BaseView::ResetNewEntityState()
Segmentation fault (Address not mapped to object [0x5d28b5bf9])
