Service [] is not valid.
gz sim /home/liyitao/workspace/exp/random_1/_324/a.sdf --seed 12345 -v 0 -r -s --headless-rendering: ./dart/constraint/BoxedLcpConstraintSolver.cpp:229: virtual void dart::constraint::BoxedLcpConstraintSolver::solveConstrainedGroup(dart::constraint::ConstrainedGroup&): Assertion `isSymmetric( n, mA.data(), mOffset[i], mOffset[i] + constraint->getDimension() - 1)' failed.
Stack trace (most recent call last):
#31   Object "[0xffffffffffffffff]", at 0xffffffffffffffff, in 
#30   Object "gz sim /home/liyitao/workspace/exp/random_1/_324/a.sdf --seed 12345 -v 0 -r -s --headless-rendering", at 0x5c69e219e1c4, in _start
#29   Object "/lib/x86_64-linux-gnu/libc.so.6", at 0x779896629e3f, in __libc_start_main
#28   Object "/lib/x86_64-linux-gnu/libc.so.6", at 0x779896629d8f, in 
#27   Object "gz sim /home/liyitao/workspace/exp/random_1/_324/a.sdf --seed 12345 -v 0 -r -s --headless-rendering", at 0x5c69e219e17e, in 
#26   Object "/lib/x86_64-linux-gnu/libruby-3.0.so.3.0", at 0x779896aa8e19, in ruby_run_node
#25   Object "/lib/x86_64-linux-gnu/libruby-3.0.so.3.0", at 0x779896aa5317, in 
#24   Object "/lib/x86_64-linux-gnu/libruby-3.0.so.3.0", at 0x779896c3a30c, in rb_vm_exec
#23   Object "/lib/x86_64-linux-gnu/libruby-3.0.so.3.0", at 0x779896c34c96, in 
#22   Object "/lib/x86_64-linux-gnu/libruby-3.0.so.3.0", at 0x779896c31fc5, in 
#21   Object "/lib/x86_64-linux-gnu/libruby-3.0.so.3.0", at 0x779896c2fc34, in 
#20   Object "/usr/lib/x86_64-linux-gnu/ruby/3.0.0/fiddle.so", at 0x77989683744b, in 
#19   Object "/lib/x86_64-linux-gnu/libruby-3.0.so.3.0", at 0x779896bfd088, in rb_nogvl
#18   Object "/usr/lib/x86_64-linux-gnu/ruby/3.0.0/fiddle.so", at 0x779896836d6b, in 
#17   Object "/lib/x86_64-linux-gnu/libffi.so.8", at 0x7798964d9492, in 
#16   Object "/lib/x86_64-linux-gnu/libffi.so.8", at 0x7798964dce2d, in 
#15   Object "/usr/lib/x86_64-linux-gnu/libgz-sim8-gz.so.8.6.0", at 0x779895bd4605, in runServer
#14   Object "/lib/x86_64-linux-gnu/libgz-sim8.so.8", at 0x779890f3d485, in 
#13   Object "/lib/x86_64-linux-gnu/libgz-sim8.so.8", at 0x779890f4d8a2, in gz::sim::v8::SimulationRunner::Run(unsigned long)
#12   Object "/lib/x86_64-linux-gnu/libgz-sim8.so.8", at 0x779890f4ce60, in gz::sim::v8::SimulationRunner::Step(gz::sim::v8::UpdateInfo const&)
#11   Object "/lib/x86_64-linux-gnu/libgz-sim8.so.8", at 0x779890f4c0a2, in gz::sim::v8::SimulationRunner::UpdateSystems()
#10   Object "/usr/lib/x86_64-linux-gnu/gz-sim-8/plugins/libgz-sim-physics-system.so", at 0x77988831f5b6, in gz::sim::v8::systems::Physics::Update(gz::sim::v8::UpdateInfo const&, gz::sim::v8::EntityComponentManager&)
#9    Object "/usr/lib/x86_64-linux-gnu/gz-sim-8/plugins/libgz-sim-physics-system.so", at 0x77988831fc31, in gz::sim::v8::systems::PhysicsPrivate::Step(std::chrono::duration<long, std::ratio<1l, 1000000000l> > const&)
#8    Object "/usr/lib/x86_64-linux-gnu/gz-physics-7/engine-plugins/libgz-physics-dartsim-plugin.so", at 0x779850e0900b, in gz::physics::dartsim::SimulationFeatures::WorldForwardStep(gz::physics::Identity const&, gz::physics::SpecifyData<gz::physics::RequireData<gz::physics::WorldPoses>, gz::physics::ExpectData<gz::physics::ChangedWorldPoses, gz::physics::Contacts, gz::physics::JointPositions> >&, gz::physics::CompositeData&, gz::physics::ExpectData<gz::physics::ApplyExternalForceTorques, gz::physics::ApplyGeneralizedForces, gz::physics::VelocityControlCommands, gz::physics::ServoControlCommands, std::chrono::duration<long, std::ratio<1l, 1000000000l> > > const&)
#7    Object "/lib/x86_64-linux-gnu/libdart.so.6.13", at 0x7798509936d3, in dart::simulation::World::step(bool)
#6    Object "/lib/x86_64-linux-gnu/libdart.so.6.13", at 0x7798509731b0, in dart::constraint::ConstraintSolver::solveConstrainedGroups()
#5    Object "/lib/x86_64-linux-gnu/libdart.so.6.13", at 0x77985096ff6a, in dart::constraint::BoxedLcpConstraintSolver::solveConstrainedGroup(dart::constraint::ConstrainedGroup&)
#4    Object "/lib/x86_64-linux-gnu/libc.so.6", at 0x779896639e95, in __assert_fail
#3    Object "/lib/x86_64-linux-gnu/libc.so.6", at 0x77989662871a, in 
#2    Object "/lib/x86_64-linux-gnu/libc.so.6", at 0x7798966287f2, in abort
#1    Object "/lib/x86_64-linux-gnu/libc.so.6", at 0x779896642475, in raise
#0    Object "/lib/x86_64-linux-gnu/libc.so.6", at 0x7798966969fc, in pthread_kill
Aborted (Signal sent by tkill() 2147840 1000)
