ODE INTERNAL ERROR 1: assertion "aabbBound >= dMinIntExact && aabbBound < dMaxIntExact" failed in collide() [collision_space.cpp:460]
Stack trace (most recent call last):
#31   Object "/lib/x86_64-linux-gnu/libruby-3.0.so.3.0", at 0x7efe65d14a4e, in
#30   Object "/lib/x86_64-linux-gnu/libruby-3.0.so.3.0", at 0x7efe65c3f9ac, in rb_protect
#29   Object "/lib/x86_64-linux-gnu/libruby-3.0.so.3.0", at 0x7efe65dd7c91, in rb_yield
#28   Object "/lib/x86_64-linux-gnu/libruby-3.0.so.3.0", at 0x7efe65dd333c, in rb_vm_exec
#27   Object "/lib/x86_64-linux-gnu/libruby-3.0.so.3.0", at 0x7efe65dcdcc6, in
#26   Object "/lib/x86_64-linux-gnu/libruby-3.0.so.3.0", at 0x7efe65dcaff5, in
#25   Object "/lib/x86_64-linux-gnu/libruby-3.0.so.3.0", at 0x7efe65dc8c64, in
#24   Object "/usr/lib/x86_64-linux-gnu/ruby/3.0.0/fiddle.so", at 0x7efe6197644b, in
#23   Object "/lib/x86_64-linux-gnu/libruby-3.0.so.3.0", at 0x7efe65d960b8, in rb_nogvl
#22   Object "/usr/lib/x86_64-linux-gnu/ruby/3.0.0/fiddle.so", at 0x7efe61975d6b, in
#21   Object "/lib/x86_64-linux-gnu/libffi.so.8", at 0x7efe61967492, in
#20   Object "/lib/x86_64-linux-gnu/libffi.so.8", at 0x7efe6196ae2d, in
#19   Object "/data/play/robot/workspace/install/lib/libgz-sim8-gz.so.8.5.0", at 0x7efe60cbed7d, in runServer
#18   Object "/home/ren/play/robot/workspace/install/lib/libgz-sim8.so.8", at 0x7efe5f3cefee, in gz::sim::v8::Server::Run(bool, unsigned long, bool)
#17   Object "/home/ren/play/robot/workspace/install/lib/libgz-sim8.so.8", at 0x7efe5f3faa63, in
#16   Object "/home/ren/play/robot/workspace/install/lib/libgz-sim8.so.8", at 0x7efe5f42b740, in gz::sim::v8::SimulationRunner::Run(unsigned long)
#15   Object "/home/ren/play/robot/workspace/install/lib/libgz-sim8.so.8", at 0x7efe5f42c55e, in gz::sim::v8::SimulationRunner::Step(gz::sim::v8::UpdateInfo const&)
#14   Object "/home/ren/play/robot/workspace/install/lib/libgz-sim8.so.8", at 0x7efe5f428a49, in gz::sim::v8::SimulationRunner::UpdateSystems()
#13   Object "/data/play/robot/workspace/install/lib/gz-sim-8/plugins/libgz-sim-physics-system.so", at 0x7efe2d7fe2d9, in gz::sim::v8::systems::Physics::Update(gz::sim::v8::UpdateInfo const&, gz::sim::v8::EntityComponentManager&)
#12   Object "/data/play/robot/workspace/install/lib/gz-sim-8/plugins/libgz-sim-physics-system.so", at 0x7efe2d81cb61, in gz::sim::v8::systems::PhysicsPrivate::Step(std::chrono::duration<long, std::ratio<1l, 1000000000l> > const&)
#11   Object "/data/play/robot/workspace/install/lib/gz-sim-8/plugins/libgz-sim-physics-system.so", at 0x7efe2d8d8db2, in gz::physics::ForwardStep::World<gz::physics::FeaturePolicy<double, 3ul>, gz::sim::v8::systems::PhysicsPrivate::MinimumFeatureList>::Step(gz::physics::SpecifyData<gz::physics::RequireData<gz::physics::WorldPoses>, gz::physics::ExpectData<gz::physics::ChangedWorldPoses, gz::physics::Contacts, gz::physics::JointPositions> >&, gz::physics::CompositeData&, gz::physics::ExpectData<gz::physics::ApplyExternalForceTorques, gz::physics::ApplyGeneralizedForces, gz::physics::VelocityControlCommands, gz::physics::ServoControlCommands, std::chrono::duration<long, std::ratio<1l, 1000000000l> > > const&)
#10   Object "/data/play/robot/workspace/install/lib/gz-physics-7/engine-plugins/libgz-physics-dartsim-plugin.so", at 0x7efe25f3ea31, in gz::physics::dartsim::SimulationFeatures::WorldForwardStep(gz::physics::Identity const&, gz::physics::SpecifyData<gz::physics::RequireData<gz::physics::WorldPoses>, gz::physics::ExpectData<gz::physics::ChangedWorldPoses, gz::physics::Contacts, gz::physics::JointPositions> >&, gz::physics::CompositeData&, gz::physics::ExpectData<gz::physics::ApplyExternalForceTorques, gz::physics::ApplyGeneralizedForces, gz::physics::VelocityControlCommands, gz::physics::ServoControlCommands, std::chrono::duration<long, std::ratio<1l, 1000000000l> > > const&)
#9    Object "/lib/x86_64-linux-gnu/libdart.so.6.13", at 0x7efe2438de23, in dart::simulation::World::step(bool)
#8    Object "/lib/x86_64-linux-gnu/libdart.so.6.13", at 0x7efe24373435, in dart::constraint::ConstraintSolver::solve()
#7    Object "/lib/x86_64-linux-gnu/libdart.so.6.13", at 0x7efe24371c24, in dart::constraint::ConstraintSolver::updateConstraints()
#6    Object "/data/play/robot/workspace/install/lib/gz-physics-7/engine-plugins/libgz-physics-dartsim-plugin.so", at 0x7efe25e665b7, in dart::collision::GzOdeCollisionDetector::collide(dart::collision::CollisionGroup*, dart::collision::CollisionOption const&, dart::collision::CollisionResult*)
#5    Object "/lib/x86_64-linux-gnu/libdart-collision-ode.so.6.13", at 0x7efe24597d1b, in dart::collision::OdeCollisionDetector::collide(dart::collision::CollisionGroup*, dart::collision::CollisionOption const&, dart::collision::CollisionResult*)
#4    Object "/lib/x86_64-linux-gnu/libode.so.8", at 0x7efe2385d266, in dxHashSpace::collide(void*, void (*)(void*, dxGeom*, dxGeom*))
#3    Object "/lib/x86_64-linux-gnu/libode.so.8", at 0x7efe238657b7, in dDebug
#2    Object "/lib/x86_64-linux-gnu/libc.so.6", at 0x7efe659987f2, in abort
#1    Object "/lib/x86_64-linux-gnu/libc.so.6", at 0x7efe659b2475, in raise
#0    Object "/lib/x86_64-linux-gnu/libc.so.6", at 0x7efe65a069fc, in pthread_kill
Aborted (Signal sent by tkill() 14333 1000)

