
ODE INTERNAL ERROR 1: assertion "aabbBound >= dMinIntExact && aabbBound < dMaxIntExact" failed in collide() [collision_space.cpp:460]
Stack trace (most recent call last):
#31   Object "gz sim ../e22_135/a.sdf --seed 1719225684 -v 0 -r -s --headless-rendering", at 0x5632de4dc17e, in 
#30   Object "/lib/x86_64-linux-gnu/libruby-3.0.so.3.0", at 0x7fe1c8779e19, in ruby_run_node
#29   Object "/lib/x86_64-linux-gnu/libruby-3.0.so.3.0", at 0x7fe1c8776317, in 
#28   Object "/lib/x86_64-linux-gnu/libruby-3.0.so.3.0", at 0x7fe1c890b33c, in rb_vm_exec
#27   Object "/lib/x86_64-linux-gnu/libruby-3.0.so.3.0", at 0x7fe1c8905cc6, in 
#26   Object "/lib/x86_64-linux-gnu/libruby-3.0.so.3.0", at 0x7fe1c8902ff5, in 
#25   Object "/lib/x86_64-linux-gnu/libruby-3.0.so.3.0", at 0x7fe1c8900c64, in 
#24   Object "/usr/lib/x86_64-linux-gnu/ruby/3.0.0/fiddle.so", at 0x7fe1c44ae44b, in 
#23   Object "/lib/x86_64-linux-gnu/libruby-3.0.so.3.0", at 0x7fe1c88ce0b8, in rb_nogvl
#22   Object "/usr/lib/x86_64-linux-gnu/ruby/3.0.0/fiddle.so", at 0x7fe1c44add6b, in 
#21   Object "/lib/x86_64-linux-gnu/libffi.so.8", at 0x7fe1c449f492, in 
#20   Object "/lib/x86_64-linux-gnu/libffi.so.8", at 0x7fe1c44a2e2d, in 
#19   Object "/data/play/robot/workspace/install/lib/libgz-sim8-gz.so.8.3.0", at 0x7fe1c37f6d7d, in runServer
#18   Object "/home/ren/play/robot/workspace/install/lib/libgz-sim8.so.8", at 0x7fe1c1f1deec, in gz::sim::v8::Server::Run(bool, unsigned long, bool)
#17   Object "/home/ren/play/robot/workspace/install/lib/libgz-sim8.so.8", at 0x7fe1c1f49961, in 
#16   Object "/home/ren/play/robot/workspace/install/lib/libgz-sim8.so.8", at 0x7fe1c1f7a63e, in gz::sim::v8::SimulationRunner::Run(unsigned long)
#15   Object "/home/ren/play/robot/workspace/install/lib/libgz-sim8.so.8", at 0x7fe1c1f7b45c, in gz::sim::v8::SimulationRunner::Step(gz::sim::v8::UpdateInfo const&)
#14   Object "/home/ren/play/robot/workspace/install/lib/libgz-sim8.so.8", at 0x7fe1c1f77947, in gz::sim::v8::SimulationRunner::UpdateSystems()
#13   Object "/data/play/robot/workspace/install/lib/gz-sim-8/plugins/libgz-sim-physics-system.so", at 0x7fe19081f279, in gz::sim::v8::systems::Physics::Update(gz::sim::v8::UpdateInfo const&, gz::sim::v8::EntityComponentManager&)
#12   Object "/data/play/robot/workspace/install/lib/gz-sim-8/plugins/libgz-sim-physics-system.so", at 0x7fe19083d525, in gz::sim::v8::systems::PhysicsPrivate::Step(std::chrono::duration<long, std::ratio<1l, 1000000000l> > const&)
#11   Object "/data/play/robot/workspace/install/lib/gz-sim-8/plugins/libgz-sim-physics-system.so", at 0x7fe1908f7da8, in gz::physics::ForwardStep::World<gz::physics::FeaturePolicy<double, 3ul>, gz::sim::v8::systems::PhysicsPrivate::MinimumFeatureList>::Step(gz::physics::SpecifyData<gz::physics::RequireData<gz::physics::WorldPoses>, gz::physics::ExpectData<gz::physics::ChangedWorldPoses, gz::physics::Contacts, gz::physics::JointPositions> >&, gz::physics::CompositeData&, gz::physics::ExpectData<gz::physics::ApplyExternalForceTorques, gz::physics::ApplyGeneralizedForces, gz::physics::VelocityControlCommands, gz::physics::ServoControlCommands, std::chrono::duration<long, std::ratio<1l, 1000000000l> > > const&)
#10   Object "/data/play/robot/workspace/install/lib/gz-physics-7/engine-plugins/libgz-physics-dartsim-plugin.so", at 0x7fe188b75521, in gz::physics::dartsim::SimulationFeatures::WorldForwardStep(gz::physics::Identity const&, gz::physics::SpecifyData<gz::physics::RequireData<gz::physics::WorldPoses>, gz::physics::ExpectData<gz::physics::ChangedWorldPoses, gz::physics::Contacts, gz::physics::JointPositions> >&, gz::physics::CompositeData&, gz::physics::ExpectData<gz::physics::ApplyExternalForceTorques, gz::physics::ApplyGeneralizedForces, gz::physics::VelocityControlCommands, gz::physics::ServoControlCommands, std::chrono::duration<long, std::ratio<1l, 1000000000l> > > const&)
#9    Object "/lib/x86_64-linux-gnu/libdart.so.6.13", at 0x7fe1870c1e23, in dart::simulation::World::step(bool)
#8    Object "/lib/x86_64-linux-gnu/libdart.so.6.13", at 0x7fe1870a7435, in dart::constraint::ConstraintSolver::solve()
#7    Object "/lib/x86_64-linux-gnu/libdart.so.6.13", at 0x7fe1870a5c24, in dart::constraint::ConstraintSolver::updateConstraints()
#6    Object "/data/play/robot/workspace/install/lib/gz-physics-7/engine-plugins/libgz-physics-dartsim-plugin.so", at 0x7fe188aa03b1, in dart::collision::GzOdeCollisionDetector::collide(dart::collision::CollisionGroup*, dart::collision::CollisionOption const&, dart::collision::CollisionResult*)
#5    Object "/lib/x86_64-linux-gnu/libdart-collision-ode.so.6.13", at 0x7fe1872cbd1b, in dart::collision::OdeCollisionDetector::collide(dart::collision::CollisionGroup*, dart::collision::CollisionOption const&, dart::collision::CollisionResult*)
#4    Object "/lib/x86_64-linux-gnu/libode.so.8", at 0x7fe186591266, in dxHashSpace::collide(void*, void (*)(void*, dxGeom*, dxGeom*))
#3    Object "/lib/x86_64-linux-gnu/libode.so.8", at 0x7fe1865997b7, in dDebug
#2    Object "/lib/x86_64-linux-gnu/libc.so.6", at 0x7fe1c84d07f2, in abort
#1    Object "/lib/x86_64-linux-gnu/libc.so.6", at 0x7fe1c84ea475, in raise
#0    Object "/lib/x86_64-linux-gnu/libc.so.6", at 0x7fe1c853e9fc, in pthread_kill
Aborted (Signal sent by tkill() 685715 1000)
