Stack trace (most recent call last):
#23   Object "[0xffffffffffffffff]", at 0xffffffffffffffff, in 
#22   Object "gz sim /home/liyitao/workspace/exp/random_1/_1332/a.sdf --seed 12345 -v 0 -r -s --headless-rendering", at 0x627597dc81c4, in _start
#21   Object "/lib/x86_64-linux-gnu/libc.so.6", at 0x755624c29e3f, in __libc_start_main
#20   Object "/lib/x86_64-linux-gnu/libc.so.6", at 0x755624c29d8f, in 
#19   Object "gz sim /home/liyitao/workspace/exp/random_1/_1332/a.sdf --seed 12345 -v 0 -r -s --headless-rendering", at 0x627597dc817e, in 
#18   Object "/lib/x86_64-linux-gnu/libruby-3.0.so.3.0", at 0x7556250a8e19, in ruby_run_node
#17   Object "/lib/x86_64-linux-gnu/libruby-3.0.so.3.0", at 0x7556250a5317, in 
#16   Object "/lib/x86_64-linux-gnu/libruby-3.0.so.3.0", at 0x75562523a30c, in rb_vm_exec
#15   Object "/lib/x86_64-linux-gnu/libruby-3.0.so.3.0", at 0x755625234c96, in 
#14   Object "/lib/x86_64-linux-gnu/libruby-3.0.so.3.0", at 0x755625231fc5, in 
#13   Object "/lib/x86_64-linux-gnu/libruby-3.0.so.3.0", at 0x75562522fc34, in 
#12   Object "/usr/lib/x86_64-linux-gnu/ruby/3.0.0/fiddle.so", at 0x75562538d44b, in 
#11   Object "/lib/x86_64-linux-gnu/libruby-3.0.so.3.0", at 0x7556251fd088, in rb_nogvl
#10   Object "/usr/lib/x86_64-linux-gnu/ruby/3.0.0/fiddle.so", at 0x75562538cd6b, in 
#9    Object "/lib/x86_64-linux-gnu/libffi.so.8", at 0x75562537e492, in 
#8    Object "/lib/x86_64-linux-gnu/libffi.so.8", at 0x755625381e2d, in 
#7    Object "/usr/lib/x86_64-linux-gnu/libgz-sim8-gz.so.8.6.0", at 0x755624ad3605, in runServer
#6    Object "/lib/x86_64-linux-gnu/libgz-sim8.so.8", at 0x75561f53d485, in 
#5    Object "/lib/x86_64-linux-gnu/libgz-sim8.so.8", at 0x75561f54d8a2, in gz::sim::v8::SimulationRunner::Run(unsigned long)
#4    Object "/lib/x86_64-linux-gnu/libgz-sim8.so.8", at 0x75561f54ce60, in gz::sim::v8::SimulationRunner::Step(gz::sim::v8::UpdateInfo const&)
#3    Object "/lib/x86_64-linux-gnu/libgz-sim8.so.8", at 0x75561f54c031, in gz::sim::v8::SimulationRunner::UpdateSystems()
#2    Object "/usr/lib/x86_64-linux-gnu/gz-sim-8/plugins/libgz-sim-user-commands-system.so", at 0x755610496210, in gz::sim::v8::systems::UserCommands::PreUpdate(gz::sim::v8::UpdateInfo const&, gz::sim::v8::EntityComponentManager&)
#1    Object "/usr/lib/x86_64-linux-gnu/gz-sim-8/plugins/libgz-sim-user-commands-system.so", at 0x7556104a4535, in gz::sim::v8::systems::EnableCollisionCommand::Execute()
#0    Object "/usr/lib/x86_64-linux-gnu/gz-sim-8/plugins/libgz-sim-user-commands-system.so", at 0x75561049ebd4, in gz::sim::v8::systems::UserCommandsInterface::HasContactSensor(unsigned long)
Segmentation fault (Address not mapped to object [0x8])
