[1;32mMsg[0m [NameManager::issueNewName] (Skeleton::BodyNode | model2) The name [base_link] is a duplicate, so it has been renamed to [base_link(1)]
[1;32mMsg[0m [NameManager::issueNewName] (Skeleton::N4dart8dynamics9ShapeNodeE | model2) The name [base_link:collision] is a duplicate, so it has been renamed to [base_link:collision(1)]
[1;32mMsg[0m [NameManager::issueNewName] (Skeleton::BodyNode | model2) The name [rotor_link] is a duplicate, so it has been renamed to [rotor_link(1)]
[1;32mMsg[0m [NameManager::issueNewName] (Skeleton::Joint | model2) The name [rotor_joint] is a duplicate, so it has been renamed to [rotor_joint(1)]
[1;32mMsg[0m [NameManager::issueNewName] (Skeleton::N4dart8dynamics9ShapeNodeE | model2) The name [rotor_link:collision] is a duplicate, so it has been renamed to [rotor_link:collision(1)]
[1;32mMsg[0m [NameManager::issueNewName] (Skeleton::BodyNode | model3) The name [base_link] is a duplicate, so it has been renamed to [base_link(1)]
[1;32mMsg[0m [NameManager::issueNewName] (Skeleton::N4dart8dynamics9ShapeNodeE | model3) The name [base_link:collision] is a duplicate, so it has been renamed to [base_link:collision(1)]
[1;32mMsg[0m [NameManager::issueNewName] (Skeleton::BodyNode | model3) The name [rotor_link] is a duplicate, so it has been renamed to [rotor_link(1)]
[1;32mMsg[0m [NameManager::issueNewName] (Skeleton::Joint | model3) The name [rotor_joint] is a duplicate, so it has been renamed to [rotor_joint(1)]
[1;32mMsg[0m [NameManager::issueNewName] (Skeleton::N4dart8dynamics9ShapeNodeE | model3) The name [rotor_link:collision] is a duplicate, so it has been renamed to [rotor_link:collision(1)]
[1;32mMsg[0m [NameManager::issueNewName] (Skeleton::BodyNode | model3) The name [base_link] is a duplicate, so it has been renamed to [base_link(2)]
[1;32mMsg[0m [NameManager::issueNewName] (Skeleton::N4dart8dynamics9ShapeNodeE | model3) The name [base_link:collision] is a duplicate, so it has been renamed to [base_link:collision(2)]
[1;32mMsg[0m [NameManager::issueNewName] (Skeleton::BodyNode | model3) The name [rotor_link] is a duplicate, so it has been renamed to [rotor_link(2)]
[1;32mMsg[0m [NameManager::issueNewName] (Skeleton::Joint | model3) The name [rotor_joint] is a duplicate, so it has been renamed to [rotor_joint(2)]
[1;32mMsg[0m [NameManager::issueNewName] (Skeleton::N4dart8dynamics9ShapeNodeE | model3) The name [rotor_link:collision] is a duplicate, so it has been renamed to [rotor_link:collision(2)]
[1;32mMsg[0m [NameManager::issueNewName] (Skeleton::BodyNode | model4::model41) The name [base_link] is a duplicate, so it has been renamed to [base_link(1)]
[1;32mMsg[0m [NameManager::issueNewName] (Skeleton::N4dart8dynamics9ShapeNodeE | model4::model41) The name [base_link:collision] is a duplicate, so it has been renamed to [base_link:collision(1)]
[1;32mMsg[0m [NameManager::issueNewName] (Skeleton::BodyNode | model4::model41) The name [rotor_link] is a duplicate, so it has been renamed to [rotor_link(1)]
[1;32mMsg[0m [NameManager::issueNewName] (Skeleton::Joint | model4::model41) The name [rotor_joint] is a duplicate, so it has been renamed to [rotor_joint(1)]
[1;32mMsg[0m [NameManager::issueNewName] (Skeleton::N4dart8dynamics9ShapeNodeE | model4::model41) The name [rotor_link:collision] is a duplicate, so it has been renamed to [rotor_link:collision(1)]
