terminate called after throwing an instance of 'std::filesystem::__cxx11::filesystem_error'
  what():  filesystem error: cannot make absolute path: Invalid argument []
Stack trace (most recent call last) in thread 343755:
#16   Object "[0xffffffffffffffff]", at 0xffffffffffffffff, in 
#15   Object "/lib/x86_64-linux-gnu/libc.so.6", at 0x76872052684f, in 
#14   Object "/lib/x86_64-linux-gnu/libc.so.6", at 0x768720494ac2, in 
#13   Object "/lib/x86_64-linux-gnu/libstdc++.so.6", at 0x76871bedc252, in 
#12   Object "/lib/x86_64-linux-gnu/libgz-transport13.so.13", at 0x76871f88375f, in gz::transport::v13::NodeShared::RunReceptionTask()
#11   Object "/lib/x86_64-linux-gnu/libgz-transport13.so.13", at 0x76871f87d387, in gz::transport::v13::NodeShared::RecvSrvRequest()
#10   Object "/lib/x86_64-linux-gnu/libgz-sim8.so.8", at 0x76871ad3f9fe, in 
#9    Object "/lib/x86_64-linux-gnu/libgz-sim8.so.8", at 0x76871ad3e632, in 
#8    Object "/lib/x86_64-linux-gnu/libgz-common5.so.5", at 0x76871f8e5ca9, in gz::common::absPath(std::__cxx11::basic_string<char, std::char_traits<char>, std::allocator<char> > const&)
#7    Object "/lib/x86_64-linux-gnu/libstdc++.so.6", at 0x76871bea742d, in 
#6    Object "/lib/x86_64-linux-gnu/libstdc++.so.6", at 0x76871beae4d7, in __cxa_throw
#5    Object "/lib/x86_64-linux-gnu/libstdc++.so.6", at 0x76871beae276, in std::terminate()
#4    Object "/lib/x86_64-linux-gnu/libstdc++.so.6", at 0x76871beae20b, in 
#3    Object "/lib/x86_64-linux-gnu/libstdc++.so.6", at 0x76871bea2b9d, in 
#2    Object "/lib/x86_64-linux-gnu/libc.so.6", at 0x7687204287f2, in abort
#1    Object "/lib/x86_64-linux-gnu/libc.so.6", at 0x768720442475, in raise
#0    Object "/lib/x86_64-linux-gnu/libc.so.6", at 0x7687204969fc, in pthread_kill
Aborted (Signal sent by tkill() 343728 1000)
