terminate called after throwing an instance of 'std::filesystem::__cxx11::filesystem_error'
  what():  filesystem error: cannot make absolute path: Invalid argument []
Stack trace (most recent call last) in thread 357679:
#26   Object "[0xffffffffffffffff]", at 0xffffffffffffffff, in 
#25   Object "/lib/x86_64-linux-gnu/libc.so.6", at 0x7f0c3a6fe84f, in 
#24   Object "/lib/x86_64-linux-gnu/libc.so.6", at 0x7f0c3a66cac2, in 
#23   Object "/lib/x86_64-linux-gnu/libstdc++.so.6", at 0x7f0c363ab252, in 
#22   Object "/home/ren/play/robot/workspace/install/lib/libgz-transport13.so.13", at 0x7f0c31055adf, in std::thread::_State_impl<std::thread::_Invoker<std::tuple<void (gz::transport::v13::NodeShared::*)(), gz::transport::v13::NodeShared*> > >::_M_run()
#21   Object "/home/ren/play/robot/workspace/install/lib/libgz-transport13.so.13", at 0x7f0c31055bef, in std::thread::_Invoker<std::tuple<void (gz::transport::v13::NodeShared::*)(), gz::transport::v13::NodeShared*> >::operator()()
#20   Object "/home/ren/play/robot/workspace/install/lib/libgz-transport13.so.13", at 0x7f0c31055ed4, in void std::thread::_Invoker<std::tuple<void (gz::transport::v13::NodeShared::*)(), gz::transport::v13::NodeShared*> >::_M_invoke<0ul, 1ul>(std::_Index_tuple<0ul, 1ul>)
#19   Object "/home/ren/play/robot/workspace/install/lib/libgz-transport13.so.13", at 0x7f0c31056474, in std::__invoke_result<void (gz::transport::v13::NodeShared::*)(), gz::transport::v13::NodeShared*>::type std::__invoke<void (gz::transport::v13::NodeShared::*)(), gz::transport::v13::NodeShared*>(void (gz::transport::v13::NodeShared::*&&)(), gz::transport::v13::NodeShared*&&)
#18   Object "/home/ren/play/robot/workspace/install/lib/libgz-transport13.so.13", at 0x7f0c31056964, in void std::__invoke_impl<void, void (gz::transport::v13::NodeShared::*)(), gz::transport::v13::NodeShared*>(std::__invoke_memfun_deref, void (gz::transport::v13::NodeShared::*&&)(), gz::transport::v13::NodeShared*&&)
#17   Object "/home/ren/play/robot/workspace/install/lib/libgz-transport13.so.13", at 0x7f0c30febcca, in gz::transport::v13::NodeShared::RunReceptionTask()
#16   Object "/home/ren/play/robot/workspace/install/lib/libgz-transport13.so.13", at 0x7f0c30ff0577, in gz::transport::v13::NodeShared::RecvSrvRequest()
#15   Object "/home/ren/play/robot/workspace/install/lib/libgz-sim8.so.8", at 0x7f0c3409cb8a, in gz::transport::v13::RepHandler<gz::msgs::StringMsg, gz::msgs::StringMsg>::RunCallback(std::__cxx11::basic_string<char, std::char_traits<char>, std::allocator<char> > const&, std::__cxx11::basic_string<char, std::char_traits<char>, std::allocator<char> >&)
#14   Object "/home/ren/play/robot/workspace/install/lib/libgz-sim8.so.8", at 0x7f0c3409e704, in std::function<bool (gz::msgs::StringMsg const&, gz::msgs::StringMsg&)>::operator()(gz::msgs::StringMsg const&, gz::msgs::StringMsg&) const
#13   Object "/home/ren/play/robot/workspace/install/lib/libgz-sim8.so.8", at 0x7f0c340916a0, in std::_Function_handler<bool (gz::msgs::StringMsg const&, gz::msgs::StringMsg&), gz::transport::v13::Node::Advertise<gz::sim::v8::ServerPrivate, gz::msgs::StringMsg, gz::msgs::StringMsg>(std::__cxx11::basic_string<char, std::char_traits<char>, std::allocator<char> > const&, bool (gz::sim::v8::ServerPrivate::*)(gz::msgs::StringMsg const&, gz::msgs::StringMsg&), gz::sim::v8::ServerPrivate*, gz::transport::v13::AdvertiseServiceOptions const&)::{lambda(gz::msgs::StringMsg const&, gz::msgs::StringMsg&)#1}>::_M_invoke(std::_Any_data const&, gz::msgs::StringMsg const&, gz::msgs::StringMsg&)
#12   Object "/home/ren/play/robot/workspace/install/lib/libgz-sim8.so.8", at 0x7f0c3409452f, in std::enable_if<is_invocable_r_v<bool, gz::transport::v13::Node::Advertise<gz::sim::v8::ServerPrivate, gz::msgs::StringMsg, gz::msgs::StringMsg>(std::__cxx11::basic_string<char, std::char_traits<char>, std::allocator<char> > const&, bool (gz::sim::v8::ServerPrivate::*)(gz::msgs::StringMsg const&, gz::msgs::StringMsg&), gz::sim::v8::ServerPrivate*, gz::transport::v13::AdvertiseServiceOptions const&)::{lambda(gz::msgs::StringMsg const&, gz::msgs::StringMsg&)#1}&, gz::msgs::StringMsg const&, gz::msgs::StringMsg&>, bool>::type std::__invoke_r<bool, gz::transport::v13::Node::Advertise<gz::sim::v8::ServerPrivate, gz::msgs::StringMsg, gz::msgs::StringMsg>(std::__cxx11::basic_string<char, std::char_traits<char>, std::allocator<char> > const&, bool (gz::sim::v8::ServerPrivate::*)(gz::msgs::StringMsg const&, gz::msgs::StringMsg&), gz::sim::v8::ServerPrivate*, gz::transport::v13::AdvertiseServiceOptions const&)::{lambda(gz::msgs::StringMsg const&, gz::msgs::StringMsg&)#1}&, gz::msgs::StringMsg const&, gz::msgs::StringMsg&>(gz::transport::v13::Node::Advertise<gz::sim::v8::ServerPrivate, gz::msgs::StringMsg, gz::msgs::StringMsg>(std::__cxx11::basic_string<char, std::char_traits<char>, std::allocator<char> > const&, bool (gz::sim::v8::ServerPrivate::*)(gz::msgs::StringMsg const&, gz::msgs::StringMsg&), gz::sim::v8::ServerPrivate*, gz::transport::v13::AdvertiseServiceOptions const&)::{lambda(gz::msgs::StringMsg const&, gz::msgs::StringMsg&)#1}&, gz::msgs::StringMsg const&, gz::msgs::StringMsg&)
#11   Object "/home/ren/play/robot/workspace/install/lib/libgz-sim8.so.8", at 0x7f0c34096e13, in bool std::__invoke_impl<bool, gz::transport::v13::Node::Advertise<gz::sim::v8::ServerPrivate, gz::msgs::StringMsg, gz::msgs::StringMsg>(std::__cxx11::basic_string<char, std::char_traits<char>, std::allocator<char> > const&, bool (gz::sim::v8::ServerPrivate::*)(gz::msgs::StringMsg const&, gz::msgs::StringMsg&), gz::sim::v8::ServerPrivate*, gz::transport::v13::AdvertiseServiceOptions const&)::{lambda(gz::msgs::StringMsg const&, gz::msgs::StringMsg&)#1}&, gz::msgs::StringMsg const&, gz::msgs::StringMsg&>(std::__invoke_other, gz::transport::v13::Node::Advertise<gz::sim::v8::ServerPrivate, gz::msgs::StringMsg, gz::msgs::StringMsg>(std::__cxx11::basic_string<char, std::char_traits<char>, std::allocator<char> > const&, bool (gz::sim::v8::ServerPrivate::*)(gz::msgs::StringMsg const&, gz::msgs::StringMsg&), gz::sim::v8::ServerPrivate*, gz::transport::v13::AdvertiseServiceOptions const&)::{lambda(gz::msgs::StringMsg const&, gz::msgs::StringMsg&)#1}&, gz::msgs::StringMsg const&, gz::msgs::StringMsg&)
#10   Object "/home/ren/play/robot/workspace/install/lib/libgz-sim8.so.8", at 0x7f0c340874d3, in gz::transport::v13::Node::Advertise<gz::sim::v8::ServerPrivate, gz::msgs::StringMsg, gz::msgs::StringMsg>(std::__cxx11::basic_string<char, std::char_traits<char>, std::allocator<char> > const&, bool (gz::sim::v8::ServerPrivate::*)(gz::msgs::StringMsg const&, gz::msgs::StringMsg&), gz::sim::v8::ServerPrivate*, gz::transport::v13::AdvertiseServiceOptions const&)::{lambda(gz::msgs::StringMsg const&, gz::msgs::StringMsg&)#1}::operator()(gz::msgs::StringMsg const&, gz::msgs::StringMsg&) const
#9    Object "/home/ren/play/robot/workspace/install/lib/libgz-sim8.so.8", at 0x7f0c34081228, in 
#8    Object "/home/ren/play/robot/workspace/install/lib/libgz-common5.so.5", at 0x7f0c3143982d, in gz::common::absPath(std::__cxx11::basic_string<char, std::char_traits<char>, std::allocator<char> > const&)
#7    Object "/lib/x86_64-linux-gnu/libstdc++.so.6", at 0x7f0c3637642d, in 
#6    Object "/lib/x86_64-linux-gnu/libstdc++.so.6", at 0x7f0c3637d4d7, in __cxa_throw
#5    Object "/lib/x86_64-linux-gnu/libstdc++.so.6", at 0x7f0c3637d276, in std::terminate()
#4    Object "/lib/x86_64-linux-gnu/libstdc++.so.6", at 0x7f0c3637d20b, in 
#3    Object "/lib/x86_64-linux-gnu/libstdc++.so.6", at 0x7f0c36371b9d, in 
#2    Object "/lib/x86_64-linux-gnu/libc.so.6", at 0x7f0c3a6007f2, in abort
#1    Object "/lib/x86_64-linux-gnu/libc.so.6", at 0x7f0c3a61a475, in raise
#0    Object "/lib/x86_64-linux-gnu/libc.so.6", at 0x7f0c3a66e9fc, in pthread_kill
Aborted (Signal sent by tkill() 357660 1000)
