gz sim /home/liyitao/workspace/exp/random_2/_524/a.sdf --seed 12345 -v 0 -r -s --headless-rendering: ./dart/dynamics/CylinderShape.cpp:46: dart::dynamics::CylinderShape::CylinderShape(double, double): Assertion `0.0 < _radius' failed.
Stack trace (most recent call last):
#31   Object "/lib/x86_64-linux-gnu/libruby-3.0.so.3.0", at 0x70c66f6a8e19, in ruby_run_node
#30   Object "/lib/x86_64-linux-gnu/libruby-3.0.so.3.0", at 0x70c66f6a5317, in 
#29   Object "/lib/x86_64-linux-gnu/libruby-3.0.so.3.0", at 0x70c66f83a30c, in rb_vm_exec
#28   Object "/lib/x86_64-linux-gnu/libruby-3.0.so.3.0", at 0x70c66f834c96, in 
#27   Object "/lib/x86_64-linux-gnu/libruby-3.0.so.3.0", at 0x70c66f831fc5, in 
#26   Object "/lib/x86_64-linux-gnu/libruby-3.0.so.3.0", at 0x70c66f82fc34, in 
#25   Object "/usr/lib/x86_64-linux-gnu/ruby/3.0.0/fiddle.so", at 0x70c66f98444b, in 
#24   Object "/lib/x86_64-linux-gnu/libruby-3.0.so.3.0", at 0x70c66f7fd088, in rb_nogvl
#23   Object "/usr/lib/x86_64-linux-gnu/ruby/3.0.0/fiddle.so", at 0x70c66f983d6b, in 
#22   Object "/lib/x86_64-linux-gnu/libffi.so.8", at 0x70c66f471492, in 
#21   Object "/lib/x86_64-linux-gnu/libffi.so.8", at 0x70c66f474e2d, in 
#20   Object "/usr/lib/x86_64-linux-gnu/libgz-sim8-gz.so.8.6.0", at 0x70c66f0d3605, in runServer
#19   Object "/lib/x86_64-linux-gnu/libgz-sim8.so.8", at 0x70c669b3d485, in 
#18   Object "/lib/x86_64-linux-gnu/libgz-sim8.so.8", at 0x70c669b4d8a2, in gz::sim::v8::SimulationRunner::Run(unsigned long)
#17   Object "/lib/x86_64-linux-gnu/libgz-sim8.so.8", at 0x70c669b4ce60, in gz::sim::v8::SimulationRunner::Step(gz::sim::v8::UpdateInfo const&)
#16   Object "/lib/x86_64-linux-gnu/libgz-sim8.so.8", at 0x70c669b4c0a2, in gz::sim::v8::SimulationRunner::UpdateSystems()
#15   Object "/usr/lib/x86_64-linux-gnu/gz-sim-8/plugins/libgz-sim-physics-system.so", at 0x70c660f1f585, in gz::sim::v8::systems::Physics::Update(gz::sim::v8::UpdateInfo const&, gz::sim::v8::EntityComponentManager&)
#14   Object "/usr/lib/x86_64-linux-gnu/gz-sim-8/plugins/libgz-sim-physics-system.so", at 0x70c660f1f4b2, in gz::sim::v8::systems::PhysicsPrivate::CreatePhysicsEntities(gz::sim::v8::EntityComponentManager const&, bool)
#13   Object "/usr/lib/x86_64-linux-gnu/gz-sim-8/plugins/libgz-sim-physics-system.so", at 0x70c660f19544, in gz::sim::v8::systems::PhysicsPrivate::CreateModelEntities(gz::sim::v8::EntityComponentManager const&, bool)
#12   Object "/usr/lib/x86_64-linux-gnu/gz-sim-8/plugins/libgz-sim-physics-system.so", at 0x70c660f98f06, in 
#11   Object "/usr/lib/x86_64-linux-gnu/gz-physics-7/engine-plugins/libgz-physics-dartsim-plugin.so", at 0x70c6299f1fb3, in virtual thunk to gz::physics::dartsim::SDFFeatures::ConstructSdfModel(gz::physics::Identity const&, sdf::v14::Model const&)
#10   Object "/usr/lib/x86_64-linux-gnu/gz-physics-7/engine-plugins/libgz-physics-dartsim-plugin.so", at 0x70c6299f13fa, in gz::physics::dartsim::SDFFeatures::ConstructSdfModelImpl(unsigned long, sdf::v14::Model const&)
#9    Object "/usr/lib/x86_64-linux-gnu/gz-physics-7/engine-plugins/libgz-physics-dartsim-plugin.so", at 0x70c6299ed384, in gz::physics::dartsim::SDFFeatures::FindOrConstructLink(std::shared_ptr<dart::dynamics::Skeleton> const&, gz::physics::Identity const&, sdf::v14::Model const&, std::__cxx11::basic_string<char, std::char_traits<char>, std::allocator<char> > const&)
#8    Object "/usr/lib/x86_64-linux-gnu/gz-physics-7/engine-plugins/libgz-physics-dartsim-plugin.so", at 0x70c6299ecdc4, in gz::physics::dartsim::SDFFeatures::ConstructSdfLink(gz::physics::Identity const&, sdf::v14::Link const&)
#7    Object "/usr/lib/x86_64-linux-gnu/gz-physics-7/engine-plugins/libgz-physics-dartsim-plugin.so", at 0x70c6299f3a6e, in gz::physics::dartsim::SDFFeatures::ConstructSdfCollision(gz::physics::Identity const&, sdf::v14::Collision const&)
#6    Object "/usr/lib/x86_64-linux-gnu/gz-physics-7/engine-plugins/libgz-physics-dartsim-plugin.so", at 0x70c6299f2f2d, in 
#5    Object "/lib/x86_64-linux-gnu/libdart.so.6.13", at 0x70c62940e195, in dart::dynamics::CylinderShape::CylinderShape(double, double)
#4    Object "/lib/x86_64-linux-gnu/libc.so.6", at 0x70c66f239e95, in __assert_fail
#3    Object "/lib/x86_64-linux-gnu/libc.so.6", at 0x70c66f22871a, in 
#2    Object "/lib/x86_64-linux-gnu/libc.so.6", at 0x70c66f2287f2, in abort
#1    Object "/lib/x86_64-linux-gnu/libc.so.6", at 0x70c66f242475, in raise
#0    Object "/lib/x86_64-linux-gnu/libc.so.6", at 0x70c66f2969fc, in pthread_kill
Aborted (Signal sent by tkill() 3010786 1000)
