[libprotobuf ERROR google/protobuf/text_format.cc:309] Error parsing text-format gz.msgs.Twist: 1:1: Expected identifier, got: 478281.2
Stack trace (most recent call last):
#21   Object "[0xffffffffffffffff]", at 0xffffffffffffffff, in 
#20   Object "gz sim /home/liyitao/workspace/exp/random_2/_1334/a.sdf --seed 12345 -v 0 -r -s --headless-rendering", at 0x5ef5f82f51c4, in _start
#19   Object "/lib/x86_64-linux-gnu/libc.so.6", at 0x7c56d2829e3f, in __libc_start_main
#18   Object "/lib/x86_64-linux-gnu/libc.so.6", at 0x7c56d2829d8f, in 
#17   Object "gz sim /home/liyitao/workspace/exp/random_2/_1334/a.sdf --seed 12345 -v 0 -r -s --headless-rendering", at 0x5ef5f82f517e, in 
#16   Object "/lib/x86_64-linux-gnu/libruby-3.0.so.3.0", at 0x7c56d2ca8e19, in ruby_run_node
#15   Object "/lib/x86_64-linux-gnu/libruby-3.0.so.3.0", at 0x7c56d2ca5317, in 
#14   Object "/lib/x86_64-linux-gnu/libruby-3.0.so.3.0", at 0x7c56d2e3a30c, in rb_vm_exec
#13   Object "/lib/x86_64-linux-gnu/libruby-3.0.so.3.0", at 0x7c56d2e34c96, in 
#12   Object "/lib/x86_64-linux-gnu/libruby-3.0.so.3.0", at 0x7c56d2e31fc5, in 
#11   Object "/lib/x86_64-linux-gnu/libruby-3.0.so.3.0", at 0x7c56d2e2fc34, in 
#10   Object "/usr/lib/x86_64-linux-gnu/ruby/3.0.0/fiddle.so", at 0x7c56d2f8544b, in 
#9    Object "/lib/x86_64-linux-gnu/libruby-3.0.so.3.0", at 0x7c56d2dfd088, in rb_nogvl
#8    Object "/usr/lib/x86_64-linux-gnu/ruby/3.0.0/fiddle.so", at 0x7c56d2f84d6b, in 
#7    Object "/lib/x86_64-linux-gnu/libffi.so.8", at 0x7c56d2a92492, in 
#6    Object "/lib/x86_64-linux-gnu/libffi.so.8", at 0x7c56d2a95e2d, in 
#5    Object "/usr/lib/x86_64-linux-gnu/libgz-sim8-gz.so.8.6.0", at 0x7c56d26d3605, in runServer
#4    Object "/lib/x86_64-linux-gnu/libgz-sim8.so.8", at 0x7c56cd13d485, in 
#3    Object "/lib/x86_64-linux-gnu/libgz-sim8.so.8", at 0x7c56cd14d8a2, in gz::sim::v8::SimulationRunner::Run(unsigned long)
#2    Object "/lib/x86_64-linux-gnu/libgz-sim8.so.8", at 0x7c56cd14cea3, in gz::sim::v8::SimulationRunner::Step(gz::sim::v8::UpdateInfo const&)
#1    Object "/lib/x86_64-linux-gnu/libgz-sim8.so.8", at 0x7c56cd0ce9a8, in gz::sim::v8::EntityComponentManager::ClearNewlyCreatedEntities()
#0    Object "/lib/x86_64-linux-gnu/libgz-sim8.so.8", at 0x7c56cd0ba2a8, in gz::sim::v8::detail::BaseView::ResetNewEntityState()
Segmentation fault (Address not mapped to object [0x5ef5fdde9])
