terminate called after throwing an instance of 'std::filesystem::__cxx11::filesystem_error'
  what():  filesystem error: cannot make absolute path: Invalid argument []
Stack trace (most recent call last) in thread 2996537:
#16   Object "[0xffffffffffffffff]", at 0xffffffffffffffff, in 
#15   Object "/lib/x86_64-linux-gnu/libc.so.6", at 0x7b26ee32684f, in 
#14   Object "/lib/x86_64-linux-gnu/libc.so.6", at 0x7b26ee294ac2, in 
#13   Object "/lib/x86_64-linux-gnu/libstdc++.so.6", at 0x7b26e9cdc252, in 
#12   Object "/lib/x86_64-linux-gnu/libgz-transport13.so.13", at 0x7b26ed7ba75f, in gz::transport::v13::NodeShared::RunReceptionTask()
#11   Object "/lib/x86_64-linux-gnu/libgz-transport13.so.13", at 0x7b26ed7b4387, in gz::transport::v13::NodeShared::RecvSrvRequest()
#10   Object "/lib/x86_64-linux-gnu/libgz-sim8.so.8", at 0x7b26e8b3f9fe, in 
#9    Object "/lib/x86_64-linux-gnu/libgz-sim8.so.8", at 0x7b26e8b3e632, in 
#8    Object "/lib/x86_64-linux-gnu/libgz-common5.so.5", at 0x7b26ee0a8ca9, in gz::common::absPath(std::__cxx11::basic_string<char, std::char_traits<char>, std::allocator<char> > const&)
#7    Object "/lib/x86_64-linux-gnu/libstdc++.so.6", at 0x7b26e9ca742d, in 
#6    Object "/lib/x86_64-linux-gnu/libstdc++.so.6", at 0x7b26e9cae4d7, in __cxa_throw
#5    Object "/lib/x86_64-linux-gnu/libstdc++.so.6", at 0x7b26e9cae276, in std::terminate()
#4    Object "/lib/x86_64-linux-gnu/libstdc++.so.6", at 0x7b26e9cae20b, in 
#3    Object "/lib/x86_64-linux-gnu/libstdc++.so.6", at 0x7b26e9ca2b9d, in 
#2    Object "/lib/x86_64-linux-gnu/libc.so.6", at 0x7b26ee2287f2, in abort
#1    Object "/lib/x86_64-linux-gnu/libc.so.6", at 0x7b26ee242475, in raise
#0    Object "/lib/x86_64-linux-gnu/libc.so.6", at 0x7b26ee2969fc, in pthread_kill
Aborted (Signal sent by tkill() 2996510 1000)
