Stack trace (most recent call last):
#25   Object "[0xffffffffffffffff]", at 0xffffffffffffffff, in 
#24   Object "gz sim /home/liyitao/workspace/exp/random_1/_0/a.sdf --seed 12345 -v 0 -r -s --headless-rendering", at 0x599473ea41c4, in _start
#23   Object "/lib/x86_64-linux-gnu/libc.so.6", at 0x7855cdc29e3f, in __libc_start_main
#22   Object "/lib/x86_64-linux-gnu/libc.so.6", at 0x7855cdc29d8f, in 
#21   Object "gz sim /home/liyitao/workspace/exp/random_1/_0/a.sdf --seed 12345 -v 0 -r -s --headless-rendering", at 0x599473ea417e, in 
#20   Object "/lib/x86_64-linux-gnu/libruby-3.0.so.3.0", at 0x7855ce0a8e19, in ruby_run_node
#19   Object "/lib/x86_64-linux-gnu/libruby-3.0.so.3.0", at 0x7855ce0a5317, in 
#18   Object "/lib/x86_64-linux-gnu/libruby-3.0.so.3.0", at 0x7855ce23a30c, in rb_vm_exec
#17   Object "/lib/x86_64-linux-gnu/libruby-3.0.so.3.0", at 0x7855ce234c96, in 
#16   Object "/lib/x86_64-linux-gnu/libruby-3.0.so.3.0", at 0x7855ce231fc5, in 
#15   Object "/lib/x86_64-linux-gnu/libruby-3.0.so.3.0", at 0x7855ce22fc34, in 
#14   Object "/usr/lib/x86_64-linux-gnu/ruby/3.0.0/fiddle.so", at 0x7855cdaec44b, in 
#13   Object "/lib/x86_64-linux-gnu/libruby-3.0.so.3.0", at 0x7855ce1fd088, in rb_nogvl
#12   Object "/usr/lib/x86_64-linux-gnu/ruby/3.0.0/fiddle.so", at 0x7855cdaebd6b, in 
#11   Object "/lib/x86_64-linux-gnu/libffi.so.8", at 0x7855cda9b492, in 
#10   Object "/lib/x86_64-linux-gnu/libffi.so.8", at 0x7855cda9ee2d, in 
#9    Object "/usr/lib/x86_64-linux-gnu/libgz-sim8-gz.so.8.6.0", at 0x7855cd1b4605, in runServer
#8    Object "/lib/x86_64-linux-gnu/libgz-sim8.so.8", at 0x7855c853d485, in 
#7    Object "/lib/x86_64-linux-gnu/libgz-sim8.so.8", at 0x7855c854d8a2, in gz::sim::v8::SimulationRunner::Run(unsigned long)
#6    Object "/lib/x86_64-linux-gnu/libgz-sim8.so.8", at 0x7855c854ce60, in gz::sim::v8::SimulationRunner::Step(gz::sim::v8::UpdateInfo const&)
#5    Object "/lib/x86_64-linux-gnu/libgz-sim8.so.8", at 0x7855c854c031, in gz::sim::v8::SimulationRunner::UpdateSystems()
#4    Object "/usr/lib/x86_64-linux-gnu/gz-sim-8/plugins/libgz-sim-lift-drag-system.so", at 0x7855b8b0003e, in gz::sim::v8::systems::LiftDrag::PreUpdate(gz::sim::v8::UpdateInfo const&, gz::sim::v8::EntityComponentManager&)
#3    Object "/usr/lib/x86_64-linux-gnu/gz-sim-8/plugins/libgz-sim-lift-drag-system.so", at 0x7855b8afe986, in gz::sim::v8::systems::LiftDragPrivate::Load(gz::sim::v8::EntityComponentManager const&, std::shared_ptr<sdf::v14::Element> const&)
#2    Object "/usr/lib/x86_64-linux-gnu/gz-sim-8/plugins/libgz-sim-lift-drag-system.so", at 0x7855b8afb027, in 
#1    Object "/usr/lib/x86_64-linux-gnu/gz-sim-8/plugins/libgz-sim-lift-drag-system.so", at 0x7855b8b07f57, in 
#0    Object "/lib/x86_64-linux-gnu/libsdformat14.so.14", at 0x7855c8081cdf, in sdf::v14::Element::GetAttribute(std::__cxx11::basic_string<char, std::char_traits<char>, std::allocator<char> > const&) const
Segmentation fault (Address not mapped to object [0x18])
